{
  "D:\\React\\ArtMuseum\\src\\App.tsx": {
    "path": "D:\\React\\ArtMuseum\\src\\App.tsx",
    "statementMap": {
      "0": {
        "start": { "line": 10, "column": 2 },
        "end": { "line": 20, "column": 4 }
      },
      "1": {
        "start": { "line": 15, "column": 10 },
        "end": { "line": 15, "column": 64 }
      }
    },
    "fnMap": {
      "0": {
        "name": "App",
        "decl": {
          "start": { "line": 9, "column": 9 },
          "end": { "line": 9, "column": 12 }
        },
        "loc": {
          "start": { "line": 9, "column": 15 },
          "end": { "line": 21, "column": 1 }
        },
        "line": 9
      },
      "1": {
        "name": "(anonymous_1)",
        "decl": {
          "start": { "line": 14, "column": 26 },
          "end": { "line": 14, "column": 27 }
        },
        "loc": {
          "start": { "line": 15, "column": 10 },
          "end": { "line": 15, "column": 64 }
        },
        "line": 15
      }
    },
    "branchMap": {},
    "s": { "0": 0, "1": 0 },
    "f": { "0": 0, "1": 0 },
    "b": {}
  },
  "D:\\React\\ArtMuseum\\src\\main.tsx": {
    "path": "D:\\React\\ArtMuseum\\src\\main.tsx",
    "statementMap": {
      "0": {
        "start": { "line": 7, "column": 20 },
        "end": { "line": 7, "column": 37 }
      },
      "1": {
        "start": { "line": 9, "column": 0 },
        "end": { "line": 17, "column": 2 }
      }
    },
    "fnMap": {},
    "branchMap": {},
    "s": { "0": 0, "1": 0 },
    "f": {},
    "b": {}
  },
  "D:\\React\\ArtMuseum\\src\\components\\Card\\Card.tsx": {
    "path": "D:\\React\\ArtMuseum\\src\\components\\Card\\Card.tsx",
    "statementMap": {
      "0": {
        "start": { "line": 9, "column": 34 },
        "end": { "line": 28, "column": 1 }
      },
      "1": {
        "start": { "line": 10, "column": 2 },
        "end": { "line": 27, "column": 4 }
      }
    },
    "fnMap": {
      "0": {
        "name": "(anonymous_0)",
        "decl": {
          "start": { "line": 9, "column": 34 },
          "end": { "line": 9, "column": 35 }
        },
        "loc": {
          "start": { "line": 9, "column": 51 },
          "end": { "line": 28, "column": 1 }
        },
        "line": 9
      }
    },
    "branchMap": {},
    "s": { "0": 0, "1": 0 },
    "f": { "0": 0 },
    "b": {}
  },
  "D:\\React\\ArtMuseum\\src\\components\\CardInfo\\CardInfo.tsx": {
    "path": "D:\\React\\ArtMuseum\\src\\components\\CardInfo\\CardInfo.tsx",
    "statementMap": {
      "0": {
        "start": { "line": 9, "column": 42 },
        "end": { "line": 47, "column": 1 }
      },
      "1": {
        "start": { "line": 16, "column": 4 },
        "end": { "line": 16, "column": 25 }
      },
      "2": {
        "start": { "line": 17, "column": 25 },
        "end": { "line": 23, "column": 3 }
      },
      "3": {
        "start": { "line": 18, "column": 4 },
        "end": { "line": 22, "column": 5 }
      },
      "4": {
        "start": { "line": 19, "column": 6 },
        "end": { "line": 19, "column": 30 }
      },
      "5": {
        "start": { "line": 21, "column": 6 },
        "end": { "line": 21, "column": 25 }
      },
      "6": {
        "start": { "line": 25, "column": 2 },
        "end": { "line": 46, "column": 4 }
      },
      "7": {
        "start": { "line": 35, "column": 10 },
        "end": { "line": 35, "column": 30 }
      },
      "8": {
        "start": { "line": 36, "column": 10 },
        "end": { "line": 36, "column": 29 }
      },
      "9": {
        "start": { "line": 37, "column": 10 },
        "end": { "line": 37, "column": 27 }
      }
    },
    "fnMap": {
      "0": {
        "name": "(anonymous_0)",
        "decl": {
          "start": { "line": 9, "column": 42 },
          "end": { "line": 9, "column": 43 }
        },
        "loc": {
          "start": { "line": 14, "column": 6 },
          "end": { "line": 47, "column": 1 }
        },
        "line": 14
      },
      "1": {
        "name": "(anonymous_1)",
        "decl": {
          "start": { "line": 17, "column": 25 },
          "end": { "line": 17, "column": 26 }
        },
        "loc": {
          "start": { "line": 17, "column": 31 },
          "end": { "line": 23, "column": 3 }
        },
        "line": 17
      },
      "2": {
        "name": "(anonymous_2)",
        "decl": {
          "start": { "line": 34, "column": 17 },
          "end": { "line": 34, "column": 18 }
        },
        "loc": {
          "start": { "line": 34, "column": 24 },
          "end": { "line": 38, "column": 9 }
        },
        "line": 34
      }
    },
    "branchMap": {
      "0": {
        "loc": {
          "start": { "line": 18, "column": 4 },
          "end": { "line": 22, "column": 5 }
        },
        "type": "if",
        "locations": [
          {
            "start": { "line": 18, "column": 4 },
            "end": { "line": 22, "column": 5 }
          },
          {
            "start": { "line": 20, "column": 11 },
            "end": { "line": 22, "column": 5 }
          }
        ],
        "line": 18
      },
      "1": {
        "loc": {
          "start": { "line": 30, "column": 13 },
          "end": { "line": 30, "column": 63 }
        },
        "type": "cond-expr",
        "locations": [
          {
            "start": { "line": 30, "column": 31 },
            "end": { "line": 30, "column": 45 }
          },
          {
            "start": { "line": 30, "column": 48 },
            "end": { "line": 30, "column": 63 }
          }
        ],
        "line": 30
      },
      "2": {
        "loc": {
          "start": { "line": 41, "column": 15 },
          "end": { "line": 41, "column": 65 }
        },
        "type": "cond-expr",
        "locations": [
          {
            "start": { "line": 41, "column": 32 },
            "end": { "line": 41, "column": 47 }
          },
          {
            "start": { "line": 41, "column": 50 },
            "end": { "line": 41, "column": 65 }
          }
        ],
        "line": 41
      }
    },
    "s": {
      "0": 0,
      "1": 0,
      "2": 0,
      "3": 0,
      "4": 0,
      "5": 0,
      "6": 0,
      "7": 0,
      "8": 0,
      "9": 0
    },
    "f": { "0": 0, "1": 0, "2": 0 },
    "b": { "0": [0, 0], "1": [0, 0], "2": [0, 0] }
  },
  "D:\\React\\ArtMuseum\\src\\components\\ContainerCards\\ContainerCards.tsx": {
    "path": "D:\\React\\ArtMuseum\\src\\components\\ContainerCards\\ContainerCards.tsx",
    "statementMap": {
      "0": {
        "start": { "line": 16, "column": 33 },
        "end": { "line": 47, "column": 1 }
      },
      "1": {
        "start": { "line": 17, "column": 38 },
        "end": { "line": 17, "column": 57 }
      },
      "2": {
        "start": { "line": 18, "column": 38 },
        "end": { "line": 18, "column": 67 }
      },
      "3": {
        "start": { "line": 20, "column": 24 },
        "end": { "line": 20, "column": 52 }
      },
      "4": {
        "start": { "line": 22, "column": 30 },
        "end": { "line": 26, "column": 4 }
      },
      "5": {
        "start": { "line": 24, "column": 19 },
        "end": { "line": 24, "column": 51 }
      },
      "6": {
        "start": { "line": 25, "column": 22 },
        "end": { "line": 25, "column": 51 }
      },
      "7": {
        "start": { "line": 28, "column": 27 },
        "end": { "line": 30, "column": 3 }
      },
      "8": {
        "start": { "line": 29, "column": 4 },
        "end": { "line": 29, "column": 24 }
      },
      "9": {
        "start": { "line": 32, "column": 2 },
        "end": { "line": 46, "column": 4 }
      },
      "10": {
        "start": { "line": 40, "column": 12 },
        "end": { "line": 40, "column": 55 }
      }
    },
    "fnMap": {
      "0": {
        "name": "(anonymous_0)",
        "decl": {
          "start": { "line": 16, "column": 33 },
          "end": { "line": 16, "column": 34 }
        },
        "loc": {
          "start": { "line": 16, "column": 39 },
          "end": { "line": 47, "column": 1 }
        },
        "line": 16
      },
      "1": {
        "name": "(anonymous_1)",
        "decl": {
          "start": { "line": 24, "column": 13 },
          "end": { "line": 24, "column": 14 }
        },
        "loc": {
          "start": { "line": 24, "column": 19 },
          "end": { "line": 24, "column": 51 }
        },
        "line": 24
      },
      "2": {
        "name": "(anonymous_2)",
        "decl": {
          "start": { "line": 25, "column": 12 },
          "end": { "line": 25, "column": 13 }
        },
        "loc": {
          "start": { "line": 25, "column": 22 },
          "end": { "line": 25, "column": 51 }
        },
        "line": 25
      },
      "3": {
        "name": "(anonymous_3)",
        "decl": {
          "start": { "line": 28, "column": 27 },
          "end": { "line": 28, "column": 28 }
        },
        "loc": {
          "start": { "line": 28, "column": 45 },
          "end": { "line": 30, "column": 3 }
        },
        "line": 28
      },
      "4": {
        "name": "(anonymous_4)",
        "decl": {
          "start": { "line": 39, "column": 21 },
          "end": { "line": 39, "column": 22 }
        },
        "loc": {
          "start": { "line": 40, "column": 12 },
          "end": { "line": 40, "column": 55 }
        },
        "line": 40
      }
    },
    "branchMap": {
      "0": {
        "loc": {
          "start": { "line": 36, "column": 7 },
          "end": { "line": 36, "column": 74 }
        },
        "type": "binary-expr",
        "locations": [
          {
            "start": { "line": 36, "column": 7 },
            "end": { "line": 36, "column": 16 }
          },
          {
            "start": { "line": 36, "column": 20 },
            "end": { "line": 36, "column": 74 }
          }
        ],
        "line": 36
      },
      "1": {
        "loc": {
          "start": { "line": 37, "column": 7 },
          "end": { "line": 43, "column": 7 }
        },
        "type": "binary-expr",
        "locations": [
          {
            "start": { "line": 37, "column": 7 },
            "end": { "line": 37, "column": 17 }
          },
          {
            "start": { "line": 38, "column": 8 },
            "end": { "line": 42, "column": 14 }
          }
        ],
        "line": 37
      }
    },
    "s": {
      "0": 0,
      "1": 0,
      "2": 0,
      "3": 0,
      "4": 0,
      "5": 0,
      "6": 0,
      "7": 0,
      "8": 0,
      "9": 0,
      "10": 0
    },
    "f": { "0": 0, "1": 0, "2": 0, "3": 0, "4": 0 },
    "b": { "0": [0, 0], "1": [0, 0] }
  },
  "D:\\React\\ArtMuseum\\src\\components\\ContainerSmallCards\\ContainerSmallCard.tsx": {
    "path": "D:\\React\\ArtMuseum\\src\\components\\ContainerSmallCards\\ContainerSmallCard.tsx",
    "statementMap": {
      "0": {
        "start": { "line": 7, "column": 58 },
        "end": { "line": 16, "column": 1 }
      },
      "1": {
        "start": { "line": 8, "column": 2 },
        "end": { "line": 15, "column": 4 }
      },
      "2": {
        "start": { "line": 12, "column": 10 },
        "end": { "line": 12, "column": 53 }
      }
    },
    "fnMap": {
      "0": {
        "name": "(anonymous_0)",
        "decl": {
          "start": { "line": 7, "column": 58 },
          "end": { "line": 7, "column": 59 }
        },
        "loc": {
          "start": { "line": 7, "column": 72 },
          "end": { "line": 16, "column": 1 }
        },
        "line": 7
      },
      "1": {
        "name": "(anonymous_1)",
        "decl": {
          "start": { "line": 11, "column": 17 },
          "end": { "line": 11, "column": 18 }
        },
        "loc": {
          "start": { "line": 12, "column": 10 },
          "end": { "line": 12, "column": 53 }
        },
        "line": 12
      }
    },
    "branchMap": {
      "0": {
        "loc": {
          "start": { "line": 10, "column": 7 },
          "end": { "line": 13, "column": 10 }
        },
        "type": "binary-expr",
        "locations": [
          {
            "start": { "line": 10, "column": 7 },
            "end": { "line": 10, "column": 11 }
          },
          {
            "start": { "line": 11, "column": 8 },
            "end": { "line": 13, "column": 10 }
          }
        ],
        "line": 10
      }
    },
    "s": { "0": 0, "1": 0, "2": 0 },
    "f": { "0": 0, "1": 0 },
    "b": { "0": [0, 0] }
  },
  "D:\\React\\ArtMuseum\\src\\components\\ErrorBoundary\\ErrorBoundary.tsx": {
    "path": "D:\\React\\ArtMuseum\\src\\components\\ErrorBoundary\\ErrorBoundary.tsx",
    "statementMap": {
      "0": {
        "start": { "line": 9, "column": 4 },
        "end": { "line": 9, "column": 17 }
      },
      "1": {
        "start": { "line": 10, "column": 4 },
        "end": { "line": 10, "column": 37 }
      },
      "2": {
        "start": { "line": 14, "column": 4 },
        "end": { "line": 14, "column": 30 }
      },
      "3": {
        "start": { "line": 18, "column": 4 },
        "end": { "line": 18, "column": 70 }
      },
      "4": {
        "start": { "line": 22, "column": 4 },
        "end": { "line": 24, "column": 5 }
      },
      "5": {
        "start": { "line": 23, "column": 6 },
        "end": { "line": 23, "column": 67 }
      },
      "6": {
        "start": { "line": 25, "column": 4 },
        "end": { "line": 25, "column": 31 }
      }
    },
    "fnMap": {
      "0": {
        "name": "(anonymous_0)",
        "decl": {
          "start": { "line": 8, "column": 2 },
          "end": { "line": 8, "column": 3 }
        },
        "loc": {
          "start": { "line": 8, "column": 41 },
          "end": { "line": 11, "column": 3 }
        },
        "line": 8
      },
      "1": {
        "name": "(anonymous_1)",
        "decl": {
          "start": { "line": 13, "column": 2 },
          "end": { "line": 13, "column": 3 }
        },
        "loc": {
          "start": { "line": 13, "column": 56 },
          "end": { "line": 15, "column": 3 }
        },
        "line": 13
      },
      "2": {
        "name": "(anonymous_2)",
        "decl": {
          "start": { "line": 17, "column": 2 },
          "end": { "line": 17, "column": 3 }
        },
        "loc": {
          "start": { "line": 17, "column": 62 },
          "end": { "line": 19, "column": 3 }
        },
        "line": 17
      },
      "3": {
        "name": "(anonymous_3)",
        "decl": {
          "start": { "line": 21, "column": 2 },
          "end": { "line": 21, "column": 3 }
        },
        "loc": {
          "start": { "line": 21, "column": 22 },
          "end": { "line": 26, "column": 3 }
        },
        "line": 21
      }
    },
    "branchMap": {
      "0": {
        "loc": {
          "start": { "line": 22, "column": 4 },
          "end": { "line": 24, "column": 5 }
        },
        "type": "if",
        "locations": [
          {
            "start": { "line": 22, "column": 4 },
            "end": { "line": 24, "column": 5 }
          },
          { "start": {}, "end": {} }
        ],
        "line": 22
      },
      "1": {
        "loc": {
          "start": { "line": 23, "column": 13 },
          "end": { "line": 23, "column": 66 }
        },
        "type": "binary-expr",
        "locations": [
          {
            "start": { "line": 23, "column": 13 },
            "end": { "line": 23, "column": 32 }
          },
          {
            "start": { "line": 23, "column": 36 },
            "end": { "line": 23, "column": 66 }
          }
        ],
        "line": 23
      }
    },
    "s": { "0": 6, "1": 5, "2": 4, "3": 2, "4": 9, "5": 4, "6": 5 },
    "f": { "0": 6, "1": 4, "2": 2, "3": 9 },
    "b": { "0": [4, 5], "1": [4, 2] },
    "_coverageSchema": "1a1c01bbd47fc00a2c39e90264f33305004495a9",
    "hash": "d6d691c18d2b000a6373c230ec53f041999937de"
  },
  "D:\\React\\ArtMuseum\\src\\components\\ErrorMessage\\ErrorMessage.tsx": {
    "path": "D:\\React\\ArtMuseum\\src\\components\\ErrorMessage\\ErrorMessage.tsx",
    "statementMap": {
      "0": {
        "start": { "line": 5, "column": 43 },
        "end": { "line": 7, "column": 1 }
      },
      "1": {
        "start": { "line": 6, "column": 2 },
        "end": { "line": 6, "column": 56 }
      }
    },
    "fnMap": {
      "0": {
        "name": "(anonymous_0)",
        "decl": {
          "start": { "line": 5, "column": 43 },
          "end": { "line": 5, "column": 44 }
        },
        "loc": {
          "start": { "line": 5, "column": 61 },
          "end": { "line": 7, "column": 1 }
        },
        "line": 5
      }
    },
    "branchMap": {},
    "s": { "0": 0, "1": 0 },
    "f": { "0": 0 },
    "b": {}
  },
  "D:\\React\\ArtMuseum\\src\\components\\FandomGallery\\RandomGallery.tsx": {
    "path": "D:\\React\\ArtMuseum\\src\\components\\FandomGallery\\RandomGallery.tsx",
    "statementMap": {
      "0": {
        "start": { "line": 11, "column": 32 },
        "end": { "line": 29, "column": 1 }
      },
      "1": {
        "start": { "line": 12, "column": 21 },
        "end": { "line": 12, "column": 62 }
      },
      "2": {
        "start": { "line": 14, "column": 46 },
        "end": { "line": 17, "column": 4 }
      },
      "3": {
        "start": { "line": 16, "column": 19 },
        "end": { "line": 16, "column": 77 }
      },
      "4": {
        "start": { "line": 19, "column": 2 },
        "end": { "line": 19, "column": 67 }
      },
      "5": {
        "start": { "line": 19, "column": 15 },
        "end": { "line": 19, "column": 67 }
      },
      "6": {
        "start": { "line": 20, "column": 2 },
        "end": { "line": 28, "column": 4 }
      }
    },
    "fnMap": {
      "0": {
        "name": "(anonymous_0)",
        "decl": {
          "start": { "line": 11, "column": 32 },
          "end": { "line": 11, "column": 33 }
        },
        "loc": {
          "start": { "line": 11, "column": 38 },
          "end": { "line": 29, "column": 1 }
        },
        "line": 11
      },
      "1": {
        "name": "(anonymous_1)",
        "decl": {
          "start": { "line": 16, "column": 13 },
          "end": { "line": 16, "column": 14 }
        },
        "loc": {
          "start": { "line": 16, "column": 19 },
          "end": { "line": 16, "column": 77 }
        },
        "line": 16
      }
    },
    "branchMap": {
      "0": {
        "loc": {
          "start": { "line": 19, "column": 2 },
          "end": { "line": 19, "column": 67 }
        },
        "type": "if",
        "locations": [
          {
            "start": { "line": 19, "column": 2 },
            "end": { "line": 19, "column": 67 }
          },
          { "start": {}, "end": {} }
        ],
        "line": 19
      },
      "1": {
        "loc": {
          "start": { "line": 23, "column": 7 },
          "end": { "line": 25, "column": 7 }
        },
        "type": "binary-expr",
        "locations": [
          {
            "start": { "line": 23, "column": 7 },
            "end": { "line": 23, "column": 16 }
          },
          {
            "start": { "line": 24, "column": 8 },
            "end": { "line": 24, "column": 68 }
          }
        ],
        "line": 23
      },
      "2": {
        "loc": {
          "start": { "line": 26, "column": 7 },
          "end": { "line": 26, "column": 56 }
        },
        "type": "binary-expr",
        "locations": [
          {
            "start": { "line": 26, "column": 7 },
            "end": { "line": 26, "column": 17 }
          },
          {
            "start": { "line": 26, "column": 21 },
            "end": { "line": 26, "column": 56 }
          }
        ],
        "line": 26
      }
    },
    "s": { "0": 0, "1": 0, "2": 0, "3": 0, "4": 0, "5": 0, "6": 0 },
    "f": { "0": 0, "1": 0 },
    "b": { "0": [0, 0], "1": [0, 0], "2": [0, 0] }
  },
  "D:\\React\\ArtMuseum\\src\\components\\FoundCards\\FoundCards.tsx": {
    "path": "D:\\React\\ArtMuseum\\src\\components\\FoundCards\\FoundCards.tsx",
    "statementMap": {
      "0": {
        "start": { "line": 10, "column": 46 },
        "end": { "line": 22, "column": 1 }
      },
      "1": {
        "start": { "line": 11, "column": 2 },
        "end": { "line": 11, "column": 41 }
      },
      "2": {
        "start": { "line": 11, "column": 34 },
        "end": { "line": 11, "column": 41 }
      },
      "3": {
        "start": { "line": 13, "column": 30 },
        "end": { "line": 16, "column": 4 }
      },
      "4": {
        "start": { "line": 15, "column": 19 },
        "end": { "line": 15, "column": 77 }
      },
      "5": {
        "start": { "line": 17, "column": 2 },
        "end": { "line": 18, "column": 70 }
      },
      "6": {
        "start": { "line": 18, "column": 4 },
        "end": { "line": 18, "column": 70 }
      },
      "7": {
        "start": { "line": 19, "column": 2 },
        "end": { "line": 19, "column": 71 }
      },
      "8": {
        "start": { "line": 19, "column": 26 },
        "end": { "line": 19, "column": 71 }
      },
      "9": {
        "start": { "line": 21, "column": 2 },
        "end": { "line": 21, "column": 44 }
      }
    },
    "fnMap": {
      "0": {
        "name": "(anonymous_0)",
        "decl": {
          "start": { "line": 10, "column": 46 },
          "end": { "line": 10, "column": 47 }
        },
        "loc": {
          "start": { "line": 10, "column": 70 },
          "end": { "line": 22, "column": 1 }
        },
        "line": 10
      },
      "1": {
        "name": "(anonymous_1)",
        "decl": {
          "start": { "line": 15, "column": 13 },
          "end": { "line": 15, "column": 14 }
        },
        "loc": {
          "start": { "line": 15, "column": 19 },
          "end": { "line": 15, "column": 77 }
        },
        "line": 15
      }
    },
    "branchMap": {
      "0": {
        "loc": {
          "start": { "line": 11, "column": 2 },
          "end": { "line": 11, "column": 41 }
        },
        "type": "if",
        "locations": [
          {
            "start": { "line": 11, "column": 2 },
            "end": { "line": 11, "column": 41 }
          },
          { "start": {}, "end": {} }
        ],
        "line": 11
      },
      "1": {
        "loc": {
          "start": { "line": 17, "column": 2 },
          "end": { "line": 18, "column": 70 }
        },
        "type": "if",
        "locations": [
          {
            "start": { "line": 17, "column": 2 },
            "end": { "line": 18, "column": 70 }
          },
          { "start": {}, "end": {} }
        ],
        "line": 17
      },
      "2": {
        "loc": {
          "start": { "line": 19, "column": 2 },
          "end": { "line": 19, "column": 71 }
        },
        "type": "if",
        "locations": [
          {
            "start": { "line": 19, "column": 2 },
            "end": { "line": 19, "column": 71 }
          },
          { "start": {}, "end": {} }
        ],
        "line": 19
      }
    },
    "s": {
      "0": 1,
      "1": 4,
      "2": 1,
      "3": 3,
      "4": 0,
      "5": 3,
      "6": 1,
      "7": 2,
      "8": 1,
      "9": 1
    },
    "f": { "0": 4, "1": 0 },
    "b": { "0": [1, 3], "1": [1, 2], "2": [1, 1] },
    "_coverageSchema": "1a1c01bbd47fc00a2c39e90264f33305004495a9",
    "hash": "f64ddbdb71e18ab2875933839016a8bf305013b0"
  },
  "D:\\React\\ArtMuseum\\src\\components\\Layout\\Footer\\Footer.tsx": {
    "path": "D:\\React\\ArtMuseum\\src\\components\\Layout\\Footer\\Footer.tsx",
    "statementMap": {
      "0": {
        "start": { "line": 6, "column": 25 },
        "end": { "line": 15, "column": 1 }
      },
      "1": {
        "start": { "line": 7, "column": 2 },
        "end": { "line": 14, "column": 4 }
      }
    },
    "fnMap": {
      "0": {
        "name": "(anonymous_0)",
        "decl": {
          "start": { "line": 6, "column": 25 },
          "end": { "line": 6, "column": 26 }
        },
        "loc": {
          "start": { "line": 6, "column": 31 },
          "end": { "line": 15, "column": 1 }
        },
        "line": 6
      }
    },
    "branchMap": {},
    "s": { "0": 0, "1": 0 },
    "f": { "0": 0 },
    "b": {}
  },
  "D:\\React\\ArtMuseum\\src\\components\\Layout\\Header\\Header.tsx": {
    "path": "D:\\React\\ArtMuseum\\src\\components\\Layout\\Header\\Header.tsx",
    "statementMap": {
      "0": {
        "start": { "line": 9, "column": 42 },
        "end": { "line": 9, "column": 57 }
      },
      "1": {
        "start": { "line": 11, "column": 2 },
        "end": { "line": 36, "column": 4 }
      }
    },
    "fnMap": {
      "0": {
        "name": "Header",
        "decl": {
          "start": { "line": 8, "column": 24 },
          "end": { "line": 8, "column": 30 }
        },
        "loc": {
          "start": { "line": 8, "column": 33 },
          "end": { "line": 37, "column": 1 }
        },
        "line": 8
      }
    },
    "branchMap": {
      "0": {
        "loc": {
          "start": { "line": 20, "column": 19 },
          "end": { "line": 20, "column": 48 }
        },
        "type": "cond-expr",
        "locations": [
          {
            "start": { "line": 20, "column": 28 },
            "end": { "line": 20, "column": 37 }
          },
          {
            "start": { "line": 20, "column": 40 },
            "end": { "line": 20, "column": 48 }
          }
        ],
        "line": 20
      },
      "1": {
        "loc": {
          "start": { "line": 25, "column": 38 },
          "end": { "line": 25, "column": 58 }
        },
        "type": "cond-expr",
        "locations": [
          {
            "start": { "line": 25, "column": 47 },
            "end": { "line": 25, "column": 53 }
          },
          {
            "start": { "line": 25, "column": 56 },
            "end": { "line": 25, "column": 58 }
          }
        ],
        "line": 25
      }
    },
    "s": { "0": 0, "1": 0 },
    "f": { "0": 0 },
    "b": { "0": [0, 0], "1": [0, 0] }
  },
  "D:\\React\\ArtMuseum\\src\\components\\Message\\Message.tsx": {
    "path": "D:\\React\\ArtMuseum\\src\\components\\Message\\Message.tsx",
    "statementMap": {
      "0": {
        "start": { "line": 8, "column": 33 },
        "end": { "line": 10, "column": 1 }
      },
      "1": {
        "start": { "line": 9, "column": 2 },
        "end": { "line": 9, "column": 51 }
      }
    },
    "fnMap": {
      "0": {
        "name": "(anonymous_0)",
        "decl": {
          "start": { "line": 8, "column": 33 },
          "end": { "line": 8, "column": 34 }
        },
        "loc": {
          "start": { "line": 8, "column": 51 },
          "end": { "line": 10, "column": 1 }
        },
        "line": 8
      }
    },
    "branchMap": {},
    "s": { "0": 1, "1": 3 },
    "f": { "0": 3 },
    "b": {},
    "_coverageSchema": "1a1c01bbd47fc00a2c39e90264f33305004495a9",
    "hash": "35ec86e1f0e932ee95cae25b92508eaac18dcaf1"
  },
  "D:\\React\\ArtMuseum\\src\\components\\Pagination\\Pagination.tsx": {
    "path": "D:\\React\\ArtMuseum\\src\\components\\Pagination\\Pagination.tsx",
    "statementMap": {
      "0": {
        "start": { "line": 9, "column": 46 },
        "end": { "line": 65, "column": 1 }
      },
      "1": {
        "start": { "line": 13, "column": 21 },
        "end": { "line": 13, "column": 61 }
      },
      "2": {
        "start": { "line": 15, "column": 52 },
        "end": { "line": 15, "column": 63 }
      },
      "3": {
        "start": { "line": 17, "column": 23 },
        "end": { "line": 20, "column": 3 }
      },
      "4": {
        "start": { "line": 19, "column": 18 },
        "end": { "line": 19, "column": 45 }
      },
      "5": {
        "start": { "line": 22, "column": 26 },
        "end": { "line": 31, "column": 3 }
      },
      "6": {
        "start": { "line": 23, "column": 21 },
        "end": { "line": 23, "column": 35 }
      },
      "7": {
        "start": { "line": 24, "column": 4 },
        "end": { "line": 24, "column": 38 }
      },
      "8": {
        "start": { "line": 24, "column": 31 },
        "end": { "line": 24, "column": 38 }
      },
      "9": {
        "start": { "line": 26, "column": 4 },
        "end": { "line": 28, "column": 5 }
      },
      "10": {
        "start": { "line": 27, "column": 6 },
        "end": { "line": 27, "column": 65 }
      },
      "11": {
        "start": { "line": 27, "column": 37 },
        "end": { "line": 27, "column": 63 }
      },
      "12": {
        "start": { "line": 30, "column": 4 },
        "end": { "line": 30, "column": 28 }
      },
      "13": {
        "start": { "line": 33, "column": 26 },
        "end": { "line": 42, "column": 3 }
      },
      "14": {
        "start": { "line": 34, "column": 21 },
        "end": { "line": 34, "column": 35 }
      },
      "15": {
        "start": { "line": 35, "column": 4 },
        "end": { "line": 35, "column": 29 }
      },
      "16": {
        "start": { "line": 35, "column": 22 },
        "end": { "line": 35, "column": 29 }
      },
      "17": {
        "start": { "line": 37, "column": 4 },
        "end": { "line": 39, "column": 5 }
      },
      "18": {
        "start": { "line": 38, "column": 6 },
        "end": { "line": 38, "column": 78 }
      },
      "19": {
        "start": { "line": 38, "column": 37 },
        "end": { "line": 38, "column": 76 }
      },
      "20": {
        "start": { "line": 41, "column": 4 },
        "end": { "line": 41, "column": 28 }
      },
      "21": {
        "start": { "line": 44, "column": 2 },
        "end": { "line": 64, "column": 4 }
      },
      "22": {
        "start": { "line": 51, "column": 10 },
        "end": { "line": 57, "column": 16 }
      },
      "23": {
        "start": { "line": 53, "column": 27 },
        "end": { "line": 53, "column": 46 }
      }
    },
    "fnMap": {
      "0": {
        "name": "(anonymous_0)",
        "decl": {
          "start": { "line": 9, "column": 46 },
          "end": { "line": 9, "column": 47 }
        },
        "loc": {
          "start": { "line": 12, "column": 6 },
          "end": { "line": 65, "column": 1 }
        },
        "line": 12
      },
      "1": {
        "name": "(anonymous_1)",
        "decl": {
          "start": { "line": 19, "column": 4 },
          "end": { "line": 19, "column": 5 }
        },
        "loc": {
          "start": { "line": 19, "column": 18 },
          "end": { "line": 19, "column": 45 }
        },
        "line": 19
      },
      "2": {
        "name": "(anonymous_2)",
        "decl": {
          "start": { "line": 22, "column": 26 },
          "end": { "line": 22, "column": 27 }
        },
        "loc": {
          "start": { "line": 22, "column": 32 },
          "end": { "line": 31, "column": 3 }
        },
        "line": 22
      },
      "3": {
        "name": "(anonymous_3)",
        "decl": {
          "start": { "line": 27, "column": 27 },
          "end": { "line": 27, "column": 28 }
        },
        "loc": {
          "start": { "line": 27, "column": 37 },
          "end": { "line": 27, "column": 63 }
        },
        "line": 27
      },
      "4": {
        "name": "(anonymous_4)",
        "decl": {
          "start": { "line": 33, "column": 26 },
          "end": { "line": 33, "column": 27 }
        },
        "loc": {
          "start": { "line": 33, "column": 32 },
          "end": { "line": 42, "column": 3 }
        },
        "line": 33
      },
      "5": {
        "name": "(anonymous_5)",
        "decl": {
          "start": { "line": 38, "column": 27 },
          "end": { "line": 38, "column": 28 }
        },
        "loc": {
          "start": { "line": 38, "column": 37 },
          "end": { "line": 38, "column": 76 }
        },
        "line": 38
      },
      "6": {
        "name": "(anonymous_6)",
        "decl": {
          "start": { "line": 50, "column": 26 },
          "end": { "line": 50, "column": 27 }
        },
        "loc": {
          "start": { "line": 51, "column": 10 },
          "end": { "line": 57, "column": 16 }
        },
        "line": 51
      },
      "7": {
        "name": "(anonymous_7)",
        "decl": {
          "start": { "line": 53, "column": 21 },
          "end": { "line": 53, "column": 22 }
        },
        "loc": {
          "start": { "line": 53, "column": 27 },
          "end": { "line": 53, "column": 46 }
        },
        "line": 53
      }
    },
    "branchMap": {
      "0": {
        "loc": {
          "start": { "line": 24, "column": 4 },
          "end": { "line": 24, "column": 38 }
        },
        "type": "if",
        "locations": [
          {
            "start": { "line": 24, "column": 4 },
            "end": { "line": 24, "column": 38 }
          },
          { "start": {}, "end": {} }
        ],
        "line": 24
      },
      "1": {
        "loc": {
          "start": { "line": 26, "column": 4 },
          "end": { "line": 28, "column": 5 }
        },
        "type": "if",
        "locations": [
          {
            "start": { "line": 26, "column": 4 },
            "end": { "line": 28, "column": 5 }
          },
          { "start": {}, "end": {} }
        ],
        "line": 26
      },
      "2": {
        "loc": {
          "start": { "line": 35, "column": 4 },
          "end": { "line": 35, "column": 29 }
        },
        "type": "if",
        "locations": [
          {
            "start": { "line": 35, "column": 4 },
            "end": { "line": 35, "column": 29 }
          },
          { "start": {}, "end": {} }
        ],
        "line": 35
      },
      "3": {
        "loc": {
          "start": { "line": 37, "column": 4 },
          "end": { "line": 39, "column": 5 }
        },
        "type": "if",
        "locations": [
          {
            "start": { "line": 37, "column": 4 },
            "end": { "line": 39, "column": 5 }
          },
          { "start": {}, "end": {} }
        ],
        "line": 37
      },
      "4": {
        "loc": {
          "start": { "line": 54, "column": 31 },
          "end": { "line": 54, "column": 66 }
        },
        "type": "cond-expr",
        "locations": [
          {
            "start": { "line": 54, "column": 53 },
            "end": { "line": 54, "column": 61 }
          },
          {
            "start": { "line": 54, "column": 64 },
            "end": { "line": 54, "column": 66 }
          }
        ],
        "line": 54
      }
    },
    "s": {
      "0": 1,
      "1": 6,
      "2": 6,
      "3": 6,
      "4": 18,
      "5": 6,
      "6": 2,
      "7": 2,
      "8": 1,
      "9": 1,
      "10": 0,
      "11": 0,
      "12": 1,
      "13": 6,
      "14": 1,
      "15": 1,
      "16": 1,
      "17": 0,
      "18": 0,
      "19": 0,
      "20": 0,
      "21": 6,
      "22": 18,
      "23": 1
    },
    "f": { "0": 6, "1": 18, "2": 2, "3": 0, "4": 1, "5": 0, "6": 18, "7": 1 },
    "b": { "0": [1, 1], "1": [0, 1], "2": [1, 0], "3": [0, 0], "4": [5, 13] },
    "_coverageSchema": "1a1c01bbd47fc00a2c39e90264f33305004495a9",
    "hash": "0f1e941d7555ce99f5cb63b31045f7899306727a"
  },
  "D:\\React\\ArtMuseum\\src\\components\\Search\\Search.tsx": {
    "path": "D:\\React\\ArtMuseum\\src\\components\\Search\\Search.tsx",
    "statementMap": {
      "0": {
        "start": { "line": 12, "column": 25 },
        "end": { "line": 73, "column": 1 }
      },
      "1": {
        "start": { "line": 13, "column": 42 },
        "end": { "line": 13, "column": 59 }
      },
      "2": {
        "start": { "line": 14, "column": 28 },
        "end": { "line": 16, "column": 3 }
      },
      "3": {
        "start": { "line": 17, "column": 25 },
        "end": { "line": 17, "column": 60 }
      },
      "4": {
        "start": { "line": 19, "column": 2 },
        "end": { "line": 26, "column": 54 }
      },
      "5": {
        "start": { "line": 20, "column": 4 },
        "end": { "line": 24, "column": 5 }
      },
      "6": {
        "start": { "line": 21, "column": 6 },
        "end": { "line": 21, "column": 49 }
      },
      "7": {
        "start": { "line": 23, "column": 6 },
        "end": { "line": 23, "column": 36 }
      },
      "8": {
        "start": { "line": 25, "column": 4 },
        "end": { "line": 25, "column": 34 }
      },
      "9": {
        "start": { "line": 28, "column": 2 },
        "end": { "line": 72, "column": 4 }
      },
      "10": {
        "start": { "line": 36, "column": 10 },
        "end": { "line": 36, "column": 33 }
      },
      "11": {
        "start": { "line": 40, "column": 10 },
        "end": { "line": 63, "column": 16 }
      },
      "12": {
        "start": { "line": 48, "column": 16 },
        "end": { "line": 48, "column": 32 }
      },
      "13": {
        "start": { "line": 49, "column": 16 },
        "end": { "line": 49, "column": 42 }
      },
      "14": {
        "start": { "line": 50, "column": 16 },
        "end": { "line": 52, "column": 17 }
      },
      "15": {
        "start": { "line": 51, "column": 18 },
        "end": { "line": 51, "column": 43 }
      }
    },
    "fnMap": {
      "0": {
        "name": "(anonymous_0)",
        "decl": {
          "start": { "line": 12, "column": 25 },
          "end": { "line": 12, "column": 26 }
        },
        "loc": {
          "start": { "line": 12, "column": 31 },
          "end": { "line": 73, "column": 1 }
        },
        "line": 12
      },
      "1": {
        "name": "(anonymous_1)",
        "decl": {
          "start": { "line": 19, "column": 12 },
          "end": { "line": 19, "column": 13 }
        },
        "loc": {
          "start": { "line": 19, "column": 18 },
          "end": { "line": 26, "column": 3 }
        },
        "line": 19
      },
      "2": {
        "name": "(anonymous_2)",
        "decl": {
          "start": { "line": 35, "column": 18 },
          "end": { "line": 35, "column": 19 }
        },
        "loc": {
          "start": { "line": 35, "column": 30 },
          "end": { "line": 37, "column": 9 }
        },
        "line": 35
      },
      "3": {
        "name": "(anonymous_3)",
        "decl": {
          "start": { "line": 39, "column": 9 },
          "end": { "line": 39, "column": 10 }
        },
        "loc": {
          "start": { "line": 40, "column": 10 },
          "end": { "line": 63, "column": 16 }
        },
        "line": 40
      },
      "4": {
        "name": "(anonymous_4)",
        "decl": {
          "start": { "line": 47, "column": 24 },
          "end": { "line": 47, "column": 25 }
        },
        "loc": {
          "start": { "line": 47, "column": 68 },
          "end": { "line": 53, "column": 15 }
        },
        "line": 47
      }
    },
    "branchMap": {
      "0": {
        "loc": {
          "start": { "line": 15, "column": 20 },
          "end": { "line": 15, "column": 52 }
        },
        "type": "binary-expr",
        "locations": [
          {
            "start": { "line": 15, "column": 20 },
            "end": { "line": 15, "column": 46 }
          },
          {
            "start": { "line": 15, "column": 50 },
            "end": { "line": 15, "column": 52 }
          }
        ],
        "line": 15
      },
      "1": {
        "loc": {
          "start": { "line": 20, "column": 4 },
          "end": { "line": 24, "column": 5 }
        },
        "type": "if",
        "locations": [
          {
            "start": { "line": 20, "column": 4 },
            "end": { "line": 24, "column": 5 }
          },
          {
            "start": { "line": 22, "column": 11 },
            "end": { "line": 24, "column": 5 }
          }
        ],
        "line": 20
      },
      "2": {
        "loc": {
          "start": { "line": 50, "column": 16 },
          "end": { "line": 52, "column": 17 }
        },
        "type": "if",
        "locations": [
          {
            "start": { "line": 50, "column": 16 },
            "end": { "line": 52, "column": 17 }
          },
          { "start": {}, "end": {} }
        ],
        "line": 50
      },
      "3": {
        "loc": {
          "start": { "line": 66, "column": 7 },
          "end": { "line": 70, "column": 7 }
        },
        "type": "binary-expr",
        "locations": [
          {
            "start": { "line": 66, "column": 7 },
            "end": { "line": 66, "column": 21 }
          },
          {
            "start": { "line": 67, "column": 8 },
            "end": { "line": 69, "column": 24 }
          }
        ],
        "line": 66
      }
    },
    "s": {
      "0": 0,
      "1": 0,
      "2": 0,
      "3": 0,
      "4": 0,
      "5": 0,
      "6": 0,
      "7": 0,
      "8": 0,
      "9": 0,
      "10": 0,
      "11": 0,
      "12": 0,
      "13": 0,
      "14": 0,
      "15": 0
    },
    "f": { "0": 0, "1": 0, "2": 0, "3": 0, "4": 0 },
    "b": { "0": [0, 0], "1": [0, 0], "2": [0, 0], "3": [0, 0] }
  },
  "D:\\React\\ArtMuseum\\src\\components\\SectionTitle\\SectionTitle.tsx": {
    "path": "D:\\React\\ArtMuseum\\src\\components\\SectionTitle\\SectionTitle.tsx",
    "statementMap": {
      "0": {
        "start": { "line": 5, "column": 50 },
        "end": { "line": 12, "column": 1 }
      },
      "1": {
        "start": { "line": 6, "column": 2 },
        "end": { "line": 11, "column": 4 }
      }
    },
    "fnMap": {
      "0": {
        "name": "(anonymous_0)",
        "decl": {
          "start": { "line": 5, "column": 50 },
          "end": { "line": 5, "column": 51 }
        },
        "loc": {
          "start": { "line": 5, "column": 66 },
          "end": { "line": 12, "column": 1 }
        },
        "line": 5
      }
    },
    "branchMap": {},
    "s": { "0": 1, "1": 4 },
    "f": { "0": 4 },
    "b": {},
    "_coverageSchema": "1a1c01bbd47fc00a2c39e90264f33305004495a9",
    "hash": "29ec056f48f358f4994a99920faf444957c191e0"
  },
  "D:\\React\\ArtMuseum\\src\\components\\Skeletons\\ArtworkSkeleton.tsx": {
    "path": "D:\\React\\ArtMuseum\\src\\components\\Skeletons\\ArtworkSkeleton.tsx",
    "statementMap": {
      "0": {
        "start": { "line": 4, "column": 34 },
        "end": { "line": 27, "column": 1 }
      },
      "1": {
        "start": { "line": 5, "column": 2 },
        "end": { "line": 26, "column": 18 }
      }
    },
    "fnMap": {
      "0": {
        "name": "(anonymous_0)",
        "decl": {
          "start": { "line": 4, "column": 34 },
          "end": { "line": 4, "column": 35 }
        },
        "loc": {
          "start": { "line": 5, "column": 2 },
          "end": { "line": 26, "column": 18 }
        },
        "line": 5
      }
    },
    "branchMap": {},
    "s": { "0": 0, "1": 0 },
    "f": { "0": 0 },
    "b": {}
  },
  "D:\\React\\ArtMuseum\\src\\components\\Skeletons\\CardContainerSkeleton.tsx": {
    "path": "D:\\React\\ArtMuseum\\src\\components\\Skeletons\\CardContainerSkeleton.tsx",
    "statementMap": {
      "0": {
        "start": { "line": 9, "column": 31 },
        "end": { "line": 24, "column": 1 }
      },
      "1": {
        "start": { "line": 10, "column": 2 },
        "end": { "line": 23, "column": 18 }
      },
      "2": {
        "start": { "line": 26, "column": 47 },
        "end": { "line": 32, "column": 1 }
      },
      "3": {
        "start": { "line": 27, "column": 2 },
        "end": { "line": 31, "column": 8 }
      },
      "4": {
        "start": { "line": 29, "column": 6 },
        "end": { "line": 29, "column": 37 }
      }
    },
    "fnMap": {
      "0": {
        "name": "(anonymous_0)",
        "decl": {
          "start": { "line": 9, "column": 31 },
          "end": { "line": 9, "column": 32 }
        },
        "loc": {
          "start": { "line": 10, "column": 2 },
          "end": { "line": 23, "column": 18 }
        },
        "line": 10
      },
      "1": {
        "name": "(anonymous_1)",
        "decl": {
          "start": { "line": 26, "column": 47 },
          "end": { "line": 26, "column": 48 }
        },
        "loc": {
          "start": { "line": 27, "column": 2 },
          "end": { "line": 31, "column": 8 }
        },
        "line": 27
      },
      "2": {
        "name": "(anonymous_2)",
        "decl": {
          "start": { "line": 28, "column": 40 },
          "end": { "line": 28, "column": 41 }
        },
        "loc": {
          "start": { "line": 29, "column": 6 },
          "end": { "line": 29, "column": 37 }
        },
        "line": 29
      }
    },
    "branchMap": {},
    "s": { "0": 0, "1": 0, "2": 0, "3": 0, "4": 0 },
    "f": { "0": 0, "1": 0, "2": 0 },
    "b": {}
  },
  "D:\\React\\ArtMuseum\\src\\components\\Skeletons\\SmallCardContainerSkeleton.tsx": {
    "path": "D:\\React\\ArtMuseum\\src\\components\\Skeletons\\SmallCardContainerSkeleton.tsx",
    "statementMap": {
      "0": {
        "start": { "line": 9, "column": 36 },
        "end": { "line": 24, "column": 1 }
      },
      "1": {
        "start": { "line": 10, "column": 2 },
        "end": { "line": 23, "column": 18 }
      },
      "2": {
        "start": { "line": 26, "column": 52 },
        "end": { "line": 34, "column": 1 }
      },
      "3": {
        "start": { "line": 27, "column": 2 },
        "end": { "line": 33, "column": 4 }
      },
      "4": {
        "start": { "line": 30, "column": 8 },
        "end": { "line": 30, "column": 44 }
      }
    },
    "fnMap": {
      "0": {
        "name": "(anonymous_0)",
        "decl": {
          "start": { "line": 9, "column": 36 },
          "end": { "line": 9, "column": 37 }
        },
        "loc": {
          "start": { "line": 10, "column": 2 },
          "end": { "line": 23, "column": 18 }
        },
        "line": 10
      },
      "1": {
        "name": "(anonymous_1)",
        "decl": {
          "start": { "line": 26, "column": 52 },
          "end": { "line": 26, "column": 53 }
        },
        "loc": {
          "start": { "line": 26, "column": 68 },
          "end": { "line": 34, "column": 1 }
        },
        "line": 26
      },
      "2": {
        "name": "(anonymous_2)",
        "decl": {
          "start": { "line": 29, "column": 42 },
          "end": { "line": 29, "column": 43 }
        },
        "loc": {
          "start": { "line": 30, "column": 8 },
          "end": { "line": 30, "column": 44 }
        },
        "line": 30
      }
    },
    "branchMap": {},
    "s": { "0": 0, "1": 0, "2": 0, "3": 0, "4": 0 },
    "f": { "0": 0, "1": 0, "2": 0 },
    "b": {}
  },
  "D:\\React\\ArtMuseum\\src\\components\\Sorting\\Sorting.tsx": {
    "path": "D:\\React\\ArtMuseum\\src\\components\\Sorting\\Sorting.tsx",
    "statementMap": {
      "0": {
        "start": { "line": 6, "column": 40 },
        "end": { "line": 25, "column": 1 }
      },
      "1": {
        "start": { "line": 7, "column": 27 },
        "end": { "line": 9, "column": 3 }
      },
      "2": {
        "start": { "line": 8, "column": 4 },
        "end": { "line": 8, "column": 26 }
      },
      "3": {
        "start": { "line": 11, "column": 2 },
        "end": { "line": 24, "column": 4 }
      },
      "4": {
        "start": { "line": 17, "column": 25 },
        "end": { "line": 17, "column": 71 }
      }
    },
    "fnMap": {
      "0": {
        "name": "(anonymous_0)",
        "decl": {
          "start": { "line": 6, "column": 40 },
          "end": { "line": 6, "column": 41 }
        },
        "loc": {
          "start": { "line": 6, "column": 63 },
          "end": { "line": 25, "column": 1 }
        },
        "line": 6
      },
      "1": {
        "name": "(anonymous_1)",
        "decl": {
          "start": { "line": 7, "column": 27 },
          "end": { "line": 7, "column": 28 }
        },
        "loc": {
          "start": { "line": 7, "column": 51 },
          "end": { "line": 9, "column": 3 }
        },
        "line": 7
      },
      "2": {
        "name": "(anonymous_2)",
        "decl": {
          "start": { "line": 17, "column": 18 },
          "end": { "line": 17, "column": 19 }
        },
        "loc": {
          "start": { "line": 17, "column": 25 },
          "end": { "line": 17, "column": 71 }
        },
        "line": 17
      }
    },
    "branchMap": {},
    "s": { "0": 1, "1": 4, "2": 2, "3": 4, "4": 2 },
    "f": { "0": 4, "1": 2, "2": 2 },
    "b": {},
    "_coverageSchema": "1a1c01bbd47fc00a2c39e90264f33305004495a9",
    "hash": "9712b074e04ddb9c0a49be5a4c1685c965b7b524"
  },
  "D:\\React\\ArtMuseum\\src\\components\\Title\\Title.tsx": {
    "path": "D:\\React\\ArtMuseum\\src\\components\\Title\\Title.tsx",
    "statementMap": {
      "0": {
        "start": { "line": 5, "column": 36 },
        "end": { "line": 7, "column": 1 }
      },
      "1": {
        "start": { "line": 6, "column": 2 },
        "end": { "line": 6, "column": 29 }
      }
    },
    "fnMap": {
      "0": {
        "name": "(anonymous_0)",
        "decl": {
          "start": { "line": 5, "column": 36 },
          "end": { "line": 5, "column": 37 }
        },
        "loc": {
          "start": { "line": 5, "column": 54 },
          "end": { "line": 7, "column": 1 }
        },
        "line": 5
      }
    },
    "branchMap": {},
    "s": { "0": 2, "1": 7 },
    "f": { "0": 7 },
    "b": {},
    "_coverageSchema": "1a1c01bbd47fc00a2c39e90264f33305004495a9",
    "hash": "d5ca595ded01ad6112f877ea2fba7e79992c13c4"
  },
  "D:\\React\\ArtMuseum\\src\\constants\\API.ts": {
    "path": "D:\\React\\ArtMuseum\\src\\constants\\API.ts",
    "statementMap": {
      "0": {
        "start": { "line": 1, "column": 33 },
        "end": { "line": 1, "column": 72 }
      },
      "1": {
        "start": { "line": 2, "column": 36 },
        "end": { "line": 3, "column": 30 }
      },
      "2": {
        "start": { "line": 3, "column": 2 },
        "end": { "line": 3, "column": 30 }
      },
      "3": {
        "start": { "line": 5, "column": 31 },
        "end": { "line": 14, "column": 88 }
      },
      "4": {
        "start": { "line": 14, "column": 2 },
        "end": { "line": 14, "column": 88 }
      },
      "5": {
        "start": { "line": 15, "column": 25 },
        "end": { "line": 20, "column": 1 }
      },
      "6": {
        "start": { "line": 16, "column": 2 },
        "end": { "line": 18, "column": 3 }
      },
      "7": {
        "start": { "line": 17, "column": 4 },
        "end": { "line": 17, "column": 37 }
      },
      "8": {
        "start": { "line": 19, "column": 2 },
        "end": { "line": 19, "column": 70 }
      },
      "9": {
        "start": { "line": 22, "column": 26 },
        "end": { "line": 23, "column": 51 }
      },
      "10": {
        "start": { "line": 23, "column": 2 },
        "end": { "line": 23, "column": 51 }
      }
    },
    "fnMap": {
      "0": {
        "name": "(anonymous_0)",
        "decl": {
          "start": { "line": 2, "column": 36 },
          "end": { "line": 2, "column": 37 }
        },
        "loc": {
          "start": { "line": 3, "column": 2 },
          "end": { "line": 3, "column": 30 }
        },
        "line": 3
      },
      "1": {
        "name": "(anonymous_1)",
        "decl": {
          "start": { "line": 5, "column": 31 },
          "end": { "line": 5, "column": 32 }
        },
        "loc": {
          "start": { "line": 14, "column": 2 },
          "end": { "line": 14, "column": 88 }
        },
        "line": 14
      },
      "2": {
        "name": "(anonymous_2)",
        "decl": {
          "start": { "line": 15, "column": 25 },
          "end": { "line": 15, "column": 26 }
        },
        "loc": {
          "start": { "line": 15, "column": 65 },
          "end": { "line": 20, "column": 1 }
        },
        "line": 15
      },
      "3": {
        "name": "(anonymous_3)",
        "decl": {
          "start": { "line": 22, "column": 26 },
          "end": { "line": 22, "column": 27 }
        },
        "loc": {
          "start": { "line": 23, "column": 2 },
          "end": { "line": 23, "column": 51 }
        },
        "line": 23
      }
    },
    "branchMap": {
      "0": {
        "loc": {
          "start": { "line": 6, "column": 2 },
          "end": { "line": 6, "column": 13 }
        },
        "type": "default-arg",
        "locations": [
          {
            "start": { "line": 6, "column": 11 },
            "end": { "line": 6, "column": 13 }
          }
        ],
        "line": 6
      },
      "1": {
        "loc": {
          "start": { "line": 8, "column": 2 },
          "end": { "line": 8, "column": 10 }
        },
        "type": "default-arg",
        "locations": [
          {
            "start": { "line": 8, "column": 9 },
            "end": { "line": 8, "column": 10 }
          }
        ],
        "line": 8
      },
      "2": {
        "loc": {
          "start": { "line": 14, "column": 53 },
          "end": { "line": 14, "column": 86 }
        },
        "type": "cond-expr",
        "locations": [
          {
            "start": { "line": 14, "column": 62 },
            "end": { "line": 14, "column": 81 }
          },
          {
            "start": { "line": 14, "column": 84 },
            "end": { "line": 14, "column": 86 }
          }
        ],
        "line": 14
      },
      "3": {
        "loc": {
          "start": { "line": 16, "column": 2 },
          "end": { "line": 18, "column": 3 }
        },
        "type": "if",
        "locations": [
          {
            "start": { "line": 16, "column": 2 },
            "end": { "line": 18, "column": 3 }
          },
          { "start": {}, "end": {} }
        ],
        "line": 16
      }
    },
    "s": {
      "0": 3,
      "1": 3,
      "2": 8,
      "3": 3,
      "4": 8,
      "5": 3,
      "6": 0,
      "7": 0,
      "8": 0,
      "9": 3,
      "10": 2
    },
    "f": { "0": 8, "1": 8, "2": 0, "3": 2 },
    "b": { "0": [8], "1": [4], "2": [0, 8], "3": [0, 0] },
    "_coverageSchema": "1a1c01bbd47fc00a2c39e90264f33305004495a9",
    "hash": "7a2bda77c15e8a518ff3da3a689a0e17cd019bf8"
  },
  "D:\\React\\ArtMuseum\\src\\constants\\nums.ts": {
    "path": "D:\\React\\ArtMuseum\\src\\constants\\nums.ts",
    "statementMap": {
      "0": {
        "start": { "line": 1, "column": 35 },
        "end": { "line": 1, "column": 36 }
      },
      "1": {
        "start": { "line": 2, "column": 34 },
        "end": { "line": 2, "column": 35 }
      },
      "2": {
        "start": { "line": 3, "column": 36 },
        "end": { "line": 3, "column": 38 }
      }
    },
    "fnMap": {},
    "branchMap": {},
    "s": { "0": 4, "1": 4, "2": 4 },
    "f": {},
    "b": {},
    "_coverageSchema": "1a1c01bbd47fc00a2c39e90264f33305004495a9",
    "hash": "d430ac55dac1e3721502b800085305b49265694a"
  },
  "D:\\React\\ArtMuseum\\src\\constants\\staticData.ts": {
    "path": "D:\\React\\ArtMuseum\\src\\constants\\staticData.ts",
    "statementMap": {
      "0": {
        "start": { "line": 1, "column": 30 },
        "end": { "line": 1, "column": 38 }
      },
      "1": {
        "start": { "line": 2, "column": 31 },
        "end": { "line": 2, "column": 40 }
      }
    },
    "fnMap": {},
    "branchMap": {},
    "s": { "0": 0, "1": 0 },
    "f": {},
    "b": {}
  },
  "D:\\React\\ArtMuseum\\src\\constants\\storageKeys.ts": {
    "path": "D:\\React\\ArtMuseum\\src\\constants\\storageKeys.ts",
    "statementMap": {
      "0": {
        "start": { "line": 1, "column": 37 },
        "end": { "line": 1, "column": 54 }
      }
    },
    "fnMap": {},
    "branchMap": {},
    "s": { "0": 1 },
    "f": {},
    "b": {},
    "_coverageSchema": "1a1c01bbd47fc00a2c39e90264f33305004495a9",
    "hash": "0ef03f29e812f8045f0277e21d7963b3910febfb"
  },
  "D:\\React\\ArtMuseum\\src\\pages\\404\\NotFoundComponent.tsx": {
    "path": "D:\\React\\ArtMuseum\\src\\pages\\404\\NotFoundComponent.tsx",
    "statementMap": {
      "0": {
        "start": { "line": 3, "column": 26 },
        "end": { "line": 10, "column": 1 }
      },
      "1": {
        "start": { "line": 4, "column": 2 },
        "end": { "line": 9, "column": 4 }
      }
    },
    "fnMap": {
      "0": {
        "name": "(anonymous_0)",
        "decl": {
          "start": { "line": 3, "column": 26 },
          "end": { "line": 3, "column": 27 }
        },
        "loc": {
          "start": { "line": 3, "column": 32 },
          "end": { "line": 10, "column": 1 }
        },
        "line": 3
      }
    },
    "branchMap": {},
    "s": { "0": 0, "1": 0 },
    "f": { "0": 0 },
    "b": {}
  },
  "D:\\React\\ArtMuseum\\src\\pages\\artwork\\Artwork.tsx": {
    "path": "D:\\React\\ArtMuseum\\src\\pages\\artwork\\Artwork.tsx",
    "statementMap": {
      "0": {
        "start": { "line": 12, "column": 26 },
        "end": { "line": 72, "column": 1 }
      },
      "1": {
        "start": { "line": 13, "column": 17 },
        "end": { "line": 13, "column": 28 }
      },
      "2": {
        "start": { "line": 14, "column": 18 },
        "end": { "line": 14, "column": 31 }
      },
      "3": {
        "start": { "line": 16, "column": 20 },
        "end": { "line": 16, "column": 30 }
      },
      "4": {
        "start": { "line": 17, "column": 2 },
        "end": { "line": 19, "column": 3 }
      },
      "5": {
        "start": { "line": 18, "column": 4 },
        "end": { "line": 18, "column": 44 }
      },
      "6": {
        "start": { "line": 22, "column": 2 },
        "end": { "line": 33, "column": 3 }
      },
      "7": {
        "start": { "line": 23, "column": 48 },
        "end": { "line": 26, "column": 6 }
      },
      "8": {
        "start": { "line": 25, "column": 21 },
        "end": { "line": 25, "column": 42 }
      },
      "9": {
        "start": { "line": 28, "column": 4 },
        "end": { "line": 28, "column": 69 }
      },
      "10": {
        "start": { "line": 28, "column": 17 },
        "end": { "line": 28, "column": 69 }
      },
      "11": {
        "start": { "line": 29, "column": 4 },
        "end": { "line": 29, "column": 46 }
      },
      "12": {
        "start": { "line": 29, "column": 19 },
        "end": { "line": 29, "column": 46 }
      },
      "13": {
        "start": { "line": 30, "column": 4 },
        "end": { "line": 30, "column": 19 }
      },
      "14": {
        "start": { "line": 32, "column": 4 },
        "end": { "line": 32, "column": 20 }
      },
      "15": {
        "start": { "line": 34, "column": 2 },
        "end": { "line": 71, "column": 4 }
      }
    },
    "fnMap": {
      "0": {
        "name": "(anonymous_0)",
        "decl": {
          "start": { "line": 12, "column": 26 },
          "end": { "line": 12, "column": 27 }
        },
        "loc": {
          "start": { "line": 12, "column": 32 },
          "end": { "line": 72, "column": 1 }
        },
        "line": 12
      },
      "1": {
        "name": "(anonymous_1)",
        "decl": {
          "start": { "line": 25, "column": 15 },
          "end": { "line": 25, "column": 16 }
        },
        "loc": {
          "start": { "line": 25, "column": 21 },
          "end": { "line": 25, "column": 42 }
        },
        "line": 25
      }
    },
    "branchMap": {
      "0": {
        "loc": {
          "start": { "line": 17, "column": 2 },
          "end": { "line": 19, "column": 3 }
        },
        "type": "if",
        "locations": [
          {
            "start": { "line": 17, "column": 2 },
            "end": { "line": 19, "column": 3 }
          },
          { "start": {}, "end": {} }
        ],
        "line": 17
      },
      "1": {
        "loc": {
          "start": { "line": 17, "column": 6 },
          "end": { "line": 17, "column": 29 }
        },
        "type": "binary-expr",
        "locations": [
          {
            "start": { "line": 17, "column": 6 },
            "end": { "line": 17, "column": 9 }
          },
          {
            "start": { "line": 17, "column": 13 },
            "end": { "line": 17, "column": 29 }
          }
        ],
        "line": 17
      },
      "2": {
        "loc": {
          "start": { "line": 22, "column": 2 },
          "end": { "line": 33, "column": 3 }
        },
        "type": "if",
        "locations": [
          {
            "start": { "line": 22, "column": 2 },
            "end": { "line": 33, "column": 3 }
          },
          {
            "start": { "line": 31, "column": 9 },
            "end": { "line": 33, "column": 3 }
          }
        ],
        "line": 22
      },
      "3": {
        "loc": {
          "start": { "line": 28, "column": 4 },
          "end": { "line": 28, "column": 69 }
        },
        "type": "if",
        "locations": [
          {
            "start": { "line": 28, "column": 4 },
            "end": { "line": 28, "column": 69 }
          },
          { "start": {}, "end": {} }
        ],
        "line": 28
      },
      "4": {
        "loc": {
          "start": { "line": 29, "column": 4 },
          "end": { "line": 29, "column": 46 }
        },
        "type": "if",
        "locations": [
          {
            "start": { "line": 29, "column": 4 },
            "end": { "line": 29, "column": 46 }
          },
          { "start": {}, "end": {} }
        ],
        "line": 29
      },
      "5": {
        "loc": {
          "start": { "line": 65, "column": 15 },
          "end": { "line": 65, "column": 61 }
        },
        "type": "cond-expr",
        "locations": [
          {
            "start": { "line": 65, "column": 41 },
            "end": { "line": 65, "column": 49 }
          },
          {
            "start": { "line": 65, "column": 52 },
            "end": { "line": 65, "column": 61 }
          }
        ],
        "line": 65
      }
    },
    "s": {
      "0": 0,
      "1": 0,
      "2": 0,
      "3": 0,
      "4": 0,
      "5": 0,
      "6": 0,
      "7": 0,
      "8": 0,
      "9": 0,
      "10": 0,
      "11": 0,
      "12": 0,
      "13": 0,
      "14": 0,
      "15": 0
    },
    "f": { "0": 0, "1": 0 },
    "b": {
      "0": [0, 0],
      "1": [0, 0],
      "2": [0, 0],
      "3": [0, 0],
      "4": [0, 0],
      "5": [0, 0]
    }
  },
  "D:\\React\\ArtMuseum\\src\\pages\\favorites\\Favorites.tsx": {
    "path": "D:\\React\\ArtMuseum\\src\\pages\\favorites\\Favorites.tsx",
    "statementMap": {
      "0": {
        "start": { "line": 14, "column": 28 },
        "end": { "line": 43, "column": 1 }
      },
      "1": {
        "start": { "line": 15, "column": 24 },
        "end": { "line": 15, "column": 45 }
      },
      "2": {
        "start": { "line": 16, "column": 46 },
        "end": { "line": 19, "column": 4 }
      },
      "3": {
        "start": { "line": 18, "column": 19 },
        "end": { "line": 18, "column": 41 }
      },
      "4": {
        "start": { "line": 21, "column": 2 },
        "end": { "line": 21, "column": 67 }
      },
      "5": {
        "start": { "line": 21, "column": 15 },
        "end": { "line": 21, "column": 67 }
      },
      "6": {
        "start": { "line": 23, "column": 2 },
        "end": { "line": 42, "column": 4 }
      }
    },
    "fnMap": {
      "0": {
        "name": "(anonymous_0)",
        "decl": {
          "start": { "line": 14, "column": 28 },
          "end": { "line": 14, "column": 29 }
        },
        "loc": {
          "start": { "line": 14, "column": 34 },
          "end": { "line": 43, "column": 1 }
        },
        "line": 14
      },
      "1": {
        "name": "(anonymous_1)",
        "decl": {
          "start": { "line": 18, "column": 13 },
          "end": { "line": 18, "column": 14 }
        },
        "loc": {
          "start": { "line": 18, "column": 19 },
          "end": { "line": 18, "column": 41 }
        },
        "line": 18
      }
    },
    "branchMap": {
      "0": {
        "loc": {
          "start": { "line": 21, "column": 2 },
          "end": { "line": 21, "column": 67 }
        },
        "type": "if",
        "locations": [
          {
            "start": { "line": 21, "column": 2 },
            "end": { "line": 21, "column": 67 }
          },
          { "start": {}, "end": {} }
        ],
        "line": 21
      },
      "1": {
        "loc": {
          "start": { "line": 32, "column": 7 },
          "end": { "line": 40, "column": 7 }
        },
        "type": "cond-expr",
        "locations": [
          {
            "start": { "line": 33, "column": 8 },
            "end": { "line": 33, "column": 64 }
          },
          {
            "start": { "line": 34, "column": 10 },
            "end": { "line": 40, "column": 7 }
          }
        ],
        "line": 32
      },
      "2": {
        "loc": {
          "start": { "line": 34, "column": 10 },
          "end": { "line": 40, "column": 7 }
        },
        "type": "cond-expr",
        "locations": [
          {
            "start": { "line": 35, "column": 8 },
            "end": { "line": 37, "column": 24 }
          },
          {
            "start": { "line": 39, "column": 8 },
            "end": { "line": 39, "column": 67 }
          }
        ],
        "line": 34
      }
    },
    "s": { "0": 1, "1": 5, "2": 5, "3": 0, "4": 5, "5": 1, "6": 4 },
    "f": { "0": 5, "1": 0 },
    "b": { "0": [1, 4], "1": [1, 3], "2": [2, 1] },
    "_coverageSchema": "1a1c01bbd47fc00a2c39e90264f33305004495a9",
    "hash": "33a9ffd76586e8577dcd40ac110c6c86507eb1e6"
  },
  "D:\\React\\ArtMuseum\\src\\pages\\main\\MainPage.tsx": {
    "path": "D:\\React\\ArtMuseum\\src\\pages\\main\\MainPage.tsx",
    "statementMap": {
      "0": {
        "start": { "line": 9, "column": 27 },
        "end": { "line": 34, "column": 1 }
      },
      "1": {
        "start": { "line": 10, "column": 2 },
        "end": { "line": 33, "column": 4 }
      }
    },
    "fnMap": {
      "0": {
        "name": "(anonymous_0)",
        "decl": {
          "start": { "line": 9, "column": 27 },
          "end": { "line": 9, "column": 28 }
        },
        "loc": {
          "start": { "line": 9, "column": 33 },
          "end": { "line": 34, "column": 1 }
        },
        "line": 9
      }
    },
    "branchMap": {},
    "s": { "0": 0, "1": 0 },
    "f": { "0": 0 },
    "b": {}
  },
  "D:\\React\\ArtMuseum\\src\\store\\FavoritesContext.tsx": {
    "path": "D:\\React\\ArtMuseum\\src\\store\\FavoritesContext.tsx",
    "statementMap": {
      "0": {
        "start": { "line": 5, "column": 25 },
        "end": { "line": 5, "column": 65 }
      },
      "1": {
        "start": { "line": 7, "column": 74 },
        "end": { "line": 16, "column": 1 }
      },
      "2": {
        "start": { "line": 10, "column": 20 },
        "end": { "line": 10, "column": 34 }
      },
      "3": {
        "start": { "line": 11, "column": 2 },
        "end": { "line": 15, "column": 4 }
      },
      "4": {
        "start": { "line": 18, "column": 35 },
        "end": { "line": 26, "column": 1 }
      },
      "5": {
        "start": { "line": 19, "column": 18 },
        "end": { "line": 19, "column": 46 }
      },
      "6": {
        "start": { "line": 20, "column": 2 },
        "end": { "line": 24, "column": 3 }
      },
      "7": {
        "start": { "line": 21, "column": 4 },
        "end": { "line": 23, "column": 6 }
      },
      "8": {
        "start": { "line": 25, "column": 2 },
        "end": { "line": 25, "column": 17 }
      }
    },
    "fnMap": {
      "0": {
        "name": "(anonymous_0)",
        "decl": {
          "start": { "line": 7, "column": 74 },
          "end": { "line": 7, "column": 75 }
        },
        "loc": {
          "start": { "line": 9, "column": 6 },
          "end": { "line": 16, "column": 1 }
        },
        "line": 9
      },
      "1": {
        "name": "(anonymous_1)",
        "decl": {
          "start": { "line": 18, "column": 35 },
          "end": { "line": 18, "column": 36 }
        },
        "loc": {
          "start": { "line": 18, "column": 41 },
          "end": { "line": 26, "column": 1 }
        },
        "line": 18
      }
    },
    "branchMap": {
      "0": {
        "loc": {
          "start": { "line": 20, "column": 2 },
          "end": { "line": 24, "column": 3 }
        },
        "type": "if",
        "locations": [
          {
            "start": { "line": 20, "column": 2 },
            "end": { "line": 24, "column": 3 }
          },
          { "start": {}, "end": {} }
        ],
        "line": 20
      }
    },
    "s": {
      "0": 0,
      "1": 0,
      "2": 0,
      "3": 0,
      "4": 0,
      "5": 0,
      "6": 0,
      "7": 0,
      "8": 0
    },
    "f": { "0": 0, "1": 0 },
    "b": { "0": [0, 0] }
  },
  "D:\\React\\ArtMuseum\\src\\store\\usePaintings.ts": {
    "path": "D:\\React\\ArtMuseum\\src\\store\\usePaintings.ts",
    "statementMap": {
      "0": {
        "start": { "line": 5, "column": 28 },
        "end": { "line": 22, "column": 1 }
      },
      "1": {
        "start": { "line": 10, "column": 2 },
        "end": { "line": 21, "column": 5 }
      },
      "2": {
        "start": { "line": 13, "column": 19 },
        "end": { "line": 13, "column": 52 }
      },
      "3": {
        "start": { "line": 14, "column": 6 },
        "end": { "line": 19, "column": 10 }
      },
      "4": {
        "start": { "line": 14, "column": 45 },
        "end": { "line": 19, "column": 7 }
      }
    },
    "fnMap": {
      "0": {
        "name": "(anonymous_0)",
        "decl": {
          "start": { "line": 5, "column": 28 },
          "end": { "line": 5, "column": 29 }
        },
        "loc": {
          "start": { "line": 9, "column": 5 },
          "end": { "line": 22, "column": 1 }
        },
        "line": 9
      },
      "1": {
        "name": "(anonymous_1)",
        "decl": {
          "start": { "line": 12, "column": 13 },
          "end": { "line": 12, "column": 14 }
        },
        "loc": {
          "start": { "line": 12, "column": 25 },
          "end": { "line": 20, "column": 5 }
        },
        "line": 12
      },
      "2": {
        "name": "(anonymous_2)",
        "decl": {
          "start": { "line": 14, "column": 22 },
          "end": { "line": 14, "column": 23 }
        },
        "loc": {
          "start": { "line": 14, "column": 45 },
          "end": { "line": 19, "column": 7 }
        },
        "line": 14
      }
    },
    "branchMap": {},
    "s": { "0": 0, "1": 0, "2": 0, "3": 0, "4": 0 },
    "f": { "0": 0, "1": 0, "2": 0 },
    "b": {}
  },
  "D:\\React\\ArtMuseum\\src\\types\\SortMethod.ts": {
    "path": "D:\\React\\ArtMuseum\\src\\types\\SortMethod.ts",
    "statementMap": {},
    "fnMap": {},
    "branchMap": {},
    "s": {},
    "f": {},
    "b": {}
  },
  "D:\\React\\ArtMuseum\\src\\types\\componentsPropsTypes.ts": {
    "path": "D:\\React\\ArtMuseum\\src\\types\\componentsPropsTypes.ts",
    "statementMap": {},
    "fnMap": {},
    "branchMap": {},
    "s": {},
    "f": {},
    "b": {}
  },
  "D:\\React\\ArtMuseum\\src\\types\\favoriteTypes.ts": {
    "path": "D:\\React\\ArtMuseum\\src\\types\\favoriteTypes.ts",
    "statementMap": {},
    "fnMap": {},
    "branchMap": {},
    "s": {},
    "f": {},
    "b": {}
  },
  "D:\\React\\ArtMuseum\\src\\utils\\SearchValidationSchema.ts": {
    "path": "D:\\React\\ArtMuseum\\src\\utils\\SearchValidationSchema.ts",
    "statementMap": {
      "0": {
        "start": { "line": 3, "column": 31 },
        "end": { "line": 9, "column": 2 }
      }
    },
    "fnMap": {},
    "branchMap": {},
    "s": { "0": 0 },
    "f": {},
    "b": {}
  },
  "D:\\React\\ArtMuseum\\src\\utils\\artworkSchema.ts": {
    "path": "D:\\React\\ArtMuseum\\src\\utils\\artworkSchema.ts",
    "statementMap": {},
    "fnMap": {},
    "branchMap": {},
    "s": {},
    "f": {},
    "b": {}
  },
  "D:\\React\\ArtMuseum\\src\\utils\\generatorRandomNumber.ts": {
    "path": "D:\\React\\ArtMuseum\\src\\utils\\generatorRandomNumber.ts",
    "statementMap": {
      "0": {
        "start": { "line": 6, "column": 2 },
        "end": { "line": 6, "column": 45 }
      },
      "1": {
        "start": { "line": 9, "column": 28 },
        "end": { "line": 27, "column": 1 }
      },
      "2": {
        "start": { "line": 10, "column": 32 },
        "end": { "line": 14, "column": 4 }
      },
      "3": {
        "start": { "line": 12, "column": 19 },
        "end": { "line": 12, "column": 58 }
      },
      "4": {
        "start": { "line": 16, "column": 38 },
        "end": { "line": 18, "column": 3 }
      },
      "5": {
        "start": { "line": 17, "column": 4 },
        "end": { "line": 17, "column": 28 }
      },
      "6": {
        "start": { "line": 20, "column": 2 },
        "end": { "line": 24, "column": 16 }
      },
      "7": {
        "start": { "line": 21, "column": 4 },
        "end": { "line": 23, "column": 5 }
      },
      "8": {
        "start": { "line": 22, "column": 6 },
        "end": { "line": 22, "column": 46 }
      },
      "9": {
        "start": { "line": 26, "column": 2 },
        "end": { "line": 26, "column": 20 }
      }
    },
    "fnMap": {
      "0": {
        "name": "getRandomNumber",
        "decl": {
          "start": { "line": 5, "column": 9 },
          "end": { "line": 5, "column": 24 }
        },
        "loc": {
          "start": { "line": 5, "column": 38 },
          "end": { "line": 7, "column": 1 }
        },
        "line": 5
      },
      "1": {
        "name": "(anonymous_1)",
        "decl": {
          "start": { "line": 9, "column": 28 },
          "end": { "line": 9, "column": 29 }
        },
        "loc": {
          "start": { "line": 9, "column": 47 },
          "end": { "line": 27, "column": 1 }
        },
        "line": 9
      },
      "2": {
        "name": "(anonymous_2)",
        "decl": {
          "start": { "line": 12, "column": 13 },
          "end": { "line": 12, "column": 14 }
        },
        "loc": {
          "start": { "line": 12, "column": 19 },
          "end": { "line": 12, "column": 58 }
        },
        "line": 12
      },
      "3": {
        "name": "(anonymous_3)",
        "decl": {
          "start": { "line": 16, "column": 55 },
          "end": { "line": 16, "column": 56 }
        },
        "loc": {
          "start": { "line": 17, "column": 4 },
          "end": { "line": 17, "column": 28 }
        },
        "line": 17
      },
      "4": {
        "name": "(anonymous_4)",
        "decl": {
          "start": { "line": 20, "column": 12 },
          "end": { "line": 20, "column": 13 }
        },
        "loc": {
          "start": { "line": 20, "column": 18 },
          "end": { "line": 24, "column": 3 }
        },
        "line": 20
      }
    },
    "branchMap": {
      "0": {
        "loc": {
          "start": { "line": 10, "column": 16 },
          "end": { "line": 10, "column": 27 }
        },
        "type": "default-arg",
        "locations": [
          {
            "start": { "line": 10, "column": 26 },
            "end": { "line": 10, "column": 27 }
          }
        ],
        "line": 10
      },
      "1": {
        "loc": {
          "start": { "line": 21, "column": 4 },
          "end": { "line": 23, "column": 5 }
        },
        "type": "if",
        "locations": [
          {
            "start": { "line": 21, "column": 4 },
            "end": { "line": 23, "column": 5 }
          },
          { "start": {}, "end": {} }
        ],
        "line": 21
      }
    },
    "s": {
      "0": 0,
      "1": 0,
      "2": 0,
      "3": 0,
      "4": 0,
      "5": 0,
      "6": 0,
      "7": 0,
      "8": 0,
      "9": 0
    },
    "f": { "0": 0, "1": 0, "2": 0, "3": 0, "4": 0 },
    "b": { "0": [0], "1": [0, 0] }
  },
  "D:\\React\\ArtMuseum\\src\\utils\\handleImageError.ts": {
    "path": "D:\\React\\ArtMuseum\\src\\utils\\handleImageError.ts",
    "statementMap": {
      "0": {
        "start": { "line": 4, "column": 25 },
        "end": { "line": 9, "column": 1 }
      },
      "1": {
        "start": { "line": 7, "column": 2 },
        "end": { "line": 7, "column": 38 }
      },
      "2": {
        "start": { "line": 8, "column": 2 },
        "end": { "line": 8, "column": 48 }
      }
    },
    "fnMap": {
      "0": {
        "name": "(anonymous_0)",
        "decl": {
          "start": { "line": 4, "column": 25 },
          "end": { "line": 4, "column": 26 }
        },
        "loc": {
          "start": { "line": 6, "column": 5 },
          "end": { "line": 9, "column": 1 }
        },
        "line": 6
      }
    },
    "branchMap": {},
    "s": { "0": 1, "1": 1, "2": 1 },
    "f": { "0": 1 },
    "b": {},
    "_coverageSchema": "1a1c01bbd47fc00a2c39e90264f33305004495a9",
    "hash": "df19be4485a8afcdafaf260925265ccd0d3037ce"
  },
  "D:\\React\\ArtMuseum\\src\\utils\\routesConfig.tsx": {
    "path": "D:\\React\\ArtMuseum\\src\\utils\\routesConfig.tsx",
    "statementMap": {
      "0": {
        "start": { "line": 7, "column": 21 },
        "end": { "line": 12, "column": 1 }
      }
    },
    "fnMap": {},
    "branchMap": {},
    "s": { "0": 0 },
    "f": {},
    "b": {}
  },
  "D:\\React\\ArtMuseum\\src\\utils\\searchValidator.ts": {
    "path": "D:\\React\\ArtMuseum\\src\\utils\\searchValidator.ts",
    "statementMap": {
      "0": {
        "start": { "line": 1, "column": 28 },
        "end": { "line": 3, "column": 1 }
      },
      "1": {
        "start": { "line": 2, "column": 2 },
        "end": { "line": 2, "column": 48 }
      }
    },
    "fnMap": {
      "0": {
        "name": "(anonymous_0)",
        "decl": {
          "start": { "line": 1, "column": 28 },
          "end": { "line": 1, "column": 29 }
        },
        "loc": {
          "start": { "line": 1, "column": 47 },
          "end": { "line": 3, "column": 1 }
        },
        "line": 1
      }
    },
    "branchMap": {},
    "s": { "0": 0, "1": 0 },
    "f": { "0": 0 },
    "b": {}
  },
  "D:\\React\\ArtMuseum\\src\\utils\\sessionStorageHelpers.ts": {
    "path": "D:\\React\\ArtMuseum\\src\\utils\\sessionStorageHelpers.ts",
    "statementMap": {
      "0": {
        "start": { "line": 1, "column": 37 },
        "end": { "line": 4, "column": 1 }
      },
      "1": {
        "start": { "line": 2, "column": 15 },
        "end": { "line": 2, "column": 42 }
      },
      "2": {
        "start": { "line": 3, "column": 2 },
        "end": { "line": 3, "column": 38 }
      },
      "3": {
        "start": { "line": 6, "column": 35 },
        "end": { "line": 8, "column": 1 }
      },
      "4": {
        "start": { "line": 7, "column": 2 },
        "end": { "line": 7, "column": 53 }
      }
    },
    "fnMap": {
      "0": {
        "name": "(anonymous_0)",
        "decl": {
          "start": { "line": 1, "column": 37 },
          "end": { "line": 1, "column": 38 }
        },
        "loc": {
          "start": { "line": 1, "column": 54 },
          "end": { "line": 4, "column": 1 }
        },
        "line": 1
      },
      "1": {
        "name": "(anonymous_1)",
        "decl": {
          "start": { "line": 6, "column": 35 },
          "end": { "line": 6, "column": 36 }
        },
        "loc": {
          "start": { "line": 6, "column": 69 },
          "end": { "line": 8, "column": 1 }
        },
        "line": 6
      }
    },
    "branchMap": {
      "0": {
        "loc": {
          "start": { "line": 3, "column": 9 },
          "end": { "line": 3, "column": 37 }
        },
        "type": "cond-expr",
        "locations": [
          {
            "start": { "line": 3, "column": 16 },
            "end": { "line": 3, "column": 32 }
          },
          {
            "start": { "line": 3, "column": 35 },
            "end": { "line": 3, "column": 37 }
          }
        ],
        "line": 3
      }
    },
    "s": { "0": 0, "1": 0, "2": 0, "3": 0, "4": 0 },
    "f": { "0": 0, "1": 0 },
    "b": { "0": [0, 0] }
  },
  "D:\\React\\ArtMuseum\\src\\utils\\sortArtwork.ts": {
    "path": "D:\\React\\ArtMuseum\\src\\utils\\sortArtwork.ts",
    "statementMap": {
      "0": {
        "start": { "line": 3, "column": 20 },
        "end": { "line": 18, "column": 1 }
      },
      "1": {
        "start": { "line": 4, "column": 2 },
        "end": { "line": 4, "column": 52 }
      },
      "2": {
        "start": { "line": 4, "column": 42 },
        "end": { "line": 4, "column": 52 }
[...]
      "22": 2,
      "23": 2,
      "24": 2,
      "25": 4,
      "26": 2,
      "27": 2,
      "28": 2,
      "29": 2,
      "30": 1,
      "31": 1,
      "32": 3,
      "33": 3,
      "34": 2,
      "35": 0,
      "36": 2,
      "37": 2,
      "38": 2,
      "39": 1,
      "40": 1,
      "41": 3,
      "42": 2,
      "43": 1,
      "44": 0,
      "45": 1,
      "46": 1,
      "47": 1,
      "48": 1,
      "49": 0,
      "50": 0,
      "51": 0
    },
    "f": { "0": 3, "1": 7, "2": 2, "3": 4, "4": 4, "5": 3, "6": 2, "7": 0 },
    "b": {
      "0": [3],
      "1": [0, 2],
      "2": [1, 1],
      "3": [1, 5],
      "4": [2, 3],
      "5": [2, 2],
      "6": [2, 0],
      "7": [1, 1],
      "8": [3],
      "9": [0, 2],
      "10": [1, 1],
      "11": [2],
      "12": [0, 1],
      "13": [1, 0]
    },
    "_coverageSchema": "1a1c01bbd47fc00a2c39e90264f33305004495a9",
    "hash": "888c26546dc4269406198aefcdc27f56e09870d1"
  },
  "D:\\React\\ArtMuseum\\src\\utils\\API\\APIValidator.ts": {
    "path": "D:\\React\\ArtMuseum\\src\\utils\\API\\APIValidator.ts",
    "statementMap": {
      "0": {
        "start": { "line": 3, "column": 32 },
        "end": { "line": 5, "column": 2 }
      },
      "1": {
        "start": { "line": 7, "column": 36 },
        "end": { "line": 9, "column": 2 }
      },
      "2": {
        "start": { "line": 11, "column": 30 },
        "end": { "line": 24, "column": 2 }
      },
      "3": {
        "start": { "line": 26, "column": 33 },
        "end": { "line": 28, "column": 2 }
      },
      "4": {
        "start": { "line": 30, "column": 38 },
        "end": { "line": 32, "column": 2 }
      },
      "5": {
        "start": { "line": 34, "column": 42 },
        "end": { "line": 36, "column": 1 }
      },
      "6": {
        "start": { "line": 38, "column": 28 },
        "end": { "line": 40, "column": 2 }
      },
      "7": {
        "start": { "line": 42, "column": 32 },
        "end": { "line": 44, "column": 2 }
      },
      "8": {
        "start": { "line": 47, "column": 2 },
        "end": { "line": 47, "column": 46 }
      }
    },
    "fnMap": {},
    "branchMap": {},
    "s": {
      "0": 3,
      "1": 3,
      "2": 3,
      "3": 3,
      "4": 3,
      "5": 3,
      "6": 3,
      "7": 3,
      "8": 3
    },
    "f": {},
    "b": {},
    "_coverageSchema": "1a1c01bbd47fc00a2c39e90264f33305004495a9",
    "hash": "fb51bfb6dcb50be5144cf6a60f4b37b572297ecd"
  },
  "D:\\React\\ArtMuseum\\src\\utils\\API\\apiService.ts": {
    "path": "D:\\React\\ArtMuseum\\src\\utils\\API\\apiService.ts",
    "statementMap": {
      "0": {
        "start": { "line": 1, "column": 30 },
        "end": { "line": 12, "column": 1 }
      },
      "1": {
        "start": { "line": 2, "column": 19 },
        "end": { "line": 4, "column": 3 }
      },
      "2": {
        "start": { "line": 6, "column": 2 },
        "end": { "line": 8, "column": 3 }
      },
      "3": {
        "start": { "line": 7, "column": 4 },
        "end": { "line": 7, "column": 49 }
      },
      "4": {
        "start": { "line": 10, "column": 15 },
        "end": { "line": 10, "column": 36 }
      },
      "5": {
        "start": { "line": 11, "column": 2 },
        "end": { "line": 11, "column": 19 }
      }
    },
    "fnMap": {
      "0": {
        "name": "(anonymous_0)",
        "decl": {
          "start": { "line": 1, "column": 30 },
          "end": { "line": 1, "column": 31 }
        },
        "loc": {
          "start": { "line": 1, "column": 69 },
          "end": { "line": 12, "column": 1 }
        },
        "line": 1
      }
    },
    "branchMap": {
      "0": {
        "loc": {
          "start": { "line": 6, "column": 2 },
          "end": { "line": 8, "column": 3 }
        },
        "type": "if",
        "locations": [
          {
            "start": { "line": 6, "column": 2 },
            "end": { "line": 8, "column": 3 }
          },
          { "start": {}, "end": {} }
        ],
        "line": 6
      }
    },
    "s": { "0": 0, "1": 0, "2": 0, "3": 0, "4": 0, "5": 0 },
    "f": { "0": 0 },
    "b": { "0": [0, 0] }
  },
  "D:\\React\\ArtMuseum\\src\\utils\\hooks\\useBurgerMenu.ts": {
    "path": "D:\\React\\ArtMuseum\\src\\utils\\hooks\\useBurgerMenu.ts",
    "statementMap": {
      "0": {
        "start": { "line": 3, "column": 22 },
        "end": { "line": 36, "column": 1 }
      },
      "1": {
        "start": { "line": 4, "column": 30 },
        "end": { "line": 4, "column": 45 }
      },
      "2": {
        "start": { "line": 6, "column": 19 },
        "end": { "line": 6, "column": 40 }
      },
      "3": {
        "start": { "line": 6, "column": 25 },
        "end": { "line": 6, "column": 40 }
      },
      "4": {
        "start": { "line": 7, "column": 20 },
        "end": { "line": 7, "column": 42 }
      },
      "5": {
        "start": { "line": 7, "column": 26 },
        "end": { "line": 7, "column": 42 }
      },
      "6": {
        "start": { "line": 9, "column": 24 },
        "end": { "line": 11, "column": 8 }
      },
      "7": {
        "start": { "line": 10, "column": 4 },
        "end": { "line": 10, "column": 40 }
      },
      "8": {
        "start": { "line": 10, "column": 28 },
        "end": { "line": 10, "column": 40 }
      },
      "9": {
        "start": { "line": 13, "column": 29 },
        "end": { "line": 18, "column": 8 }
      },
      "10": {
        "start": { "line": 14, "column": 19 },
        "end": { "line": 14, "column": 42 }
      },
      "11": {
        "start": { "line": 15, "column": 4 },
        "end": { "line": 17, "column": 5 }
      },
      "12": {
        "start": { "line": 16, "column": 6 },
        "end": { "line": 16, "column": 18 }
      },
      "13": {
        "start": { "line": 20, "column": 2 },
        "end": { "line": 33, "column": 50 }
      },
      "14": {
        "start": { "line": 21, "column": 4 },
        "end": { "line": 27, "column": 5 }
      },
      "15": {
        "start": { "line": 22, "column": 6 },
        "end": { "line": 22, "column": 58 }
      },
      "16": {
        "start": { "line": 23, "column": 6 },
        "end": { "line": 23, "column": 61 }
      },
      "17": {
        "start": { "line": 25, "column": 6 },
        "end": { "line": 25, "column": 61 }
      },
      "18": {
        "start": { "line": 26, "column": 6 },
        "end": { "line": 26, "column": 64 }
      },
      "19": {
        "start": { "line": 29, "column": 4 },
        "end": { "line": 32, "column": 6 }
      },
      "20": {
        "start": { "line": 30, "column": 6 },
        "end": { "line": 30, "column": 61 }
      },
      "21": {
        "start": { "line": 31, "column": 6 },
        "end": { "line": 31, "column": 64 }
      },
      "22": {
        "start": { "line": 35, "column": 2 },
        "end": { "line": 35, "column": 41 }
      }
    },
    "fnMap": {
      "0": {
        "name": "(anonymous_0)",
        "decl": {
          "start": { "line": 3, "column": 22 },
          "end": { "line": 3, "column": 23 }
        },
        "loc": {
          "start": { "line": 3, "column": 28 },
          "end": { "line": 36, "column": 1 }
        },
        "line": 3
      },
      "1": {
        "name": "(anonymous_1)",
        "decl": {
          "start": { "line": 6, "column": 19 },
          "end": { "line": 6, "column": 20 }
        },
        "loc": {
          "start": { "line": 6, "column": 25 },
          "end": { "line": 6, "column": 40 }
        },
        "line": 6
      },
      "2": {
        "name": "(anonymous_2)",
        "decl": {
          "start": { "line": 7, "column": 20 },
          "end": { "line": 7, "column": 21 }
        },
        "loc": {
          "start": { "line": 7, "column": 26 },
          "end": { "line": 7, "column": 42 }
        },
        "line": 7
      },
      "3": {
        "name": "(anonymous_3)",
        "decl": {
          "start": { "line": 9, "column": 36 },
          "end": { "line": 9, "column": 37 }
        },
        "loc": {
          "start": { "line": 9, "column": 58 },
          "end": { "line": 11, "column": 3 }
        },
        "line": 9
      },
      "4": {
        "name": "(anonymous_4)",
        "decl": {
          "start": { "line": 13, "column": 41 },
          "end": { "line": 13, "column": 42 }
        },
        "loc": {
          "start": { "line": 13, "column": 60 },
          "end": { "line": 18, "column": 3 }
        },
        "line": 13
      },
      "5": {
        "name": "(anonymous_5)",
        "decl": {
          "start": { "line": 20, "column": 12 },
          "end": { "line": 20, "column": 13 }
        },
        "loc": {
          "start": { "line": 20, "column": 18 },
          "end": { "line": 33, "column": 3 }
        },
        "line": 20
      },
      "6": {
        "name": "(anonymous_6)",
        "decl": {
          "start": { "line": 29, "column": 11 },
          "end": { "line": 29, "column": 12 }
        },
        "loc": {
          "start": { "line": 29, "column": 17 },
          "end": { "line": 32, "column": 5 }
        },
        "line": 29
      }
    },
    "branchMap": {
      "0": {
        "loc": {
          "start": { "line": 10, "column": 4 },
          "end": { "line": 10, "column": 40 }
        },
        "type": "if",
        "locations": [
          {
            "start": { "line": 10, "column": 4 },
            "end": { "line": 10, "column": 40 }
          },
          { "start": {}, "end": {} }
        ],
        "line": 10
      },
      "1": {
        "loc": {
          "start": { "line": 15, "column": 4 },
          "end": { "line": 17, "column": 5 }
        },
        "type": "if",
        "locations": [
          {
            "start": { "line": 15, "column": 4 },
            "end": { "line": 17, "column": 5 }
          },
          { "start": {}, "end": {} }
        ],
        "line": 15
      },
      "2": {
        "loc": {
          "start": { "line": 15, "column": 8 },
          "end": { "line": 15, "column": 74 }
        },
        "type": "binary-expr",
        "locations": [
          {
            "start": { "line": 15, "column": 8 },
            "end": { "line": 15, "column": 38 }
          },
          {
            "start": { "line": 15, "column": 42 },
            "end": { "line": 15, "column": 74 }
          }
        ],
        "line": 15
      },
      "3": {
        "loc": {
          "start": { "line": 21, "column": 4 },
          "end": { "line": 27, "column": 5 }
        },
        "type": "if",
        "locations": [
          {
            "start": { "line": 21, "column": 4 },
            "end": { "line": 27, "column": 5 }
          },
          {
            "start": { "line": 24, "column": 11 },
            "end": { "line": 27, "column": 5 }
          }
        ],
        "line": 21
      }
    },
    "s": {
      "0": 1,
      "1": 12,
      "2": 12,
      "3": 4,
      "4": 12,
      "5": 3,
      "6": 12,
      "7": 1,
      "8": 1,
      "9": 12,
      "10": 2,
      "11": 2,
      "12": 1,
      "13": 12,
      "14": 12,
      "15": 4,
      "16": 4,
      "17": 8,
      "18": 8,
      "19": 12,
      "20": 12,
      "21": 12,
      "22": 12
    },
    "f": { "0": 12, "1": 4, "2": 3, "3": 1, "4": 2, "5": 12, "6": 12 },
    "b": { "0": [1, 0], "1": [1, 1], "2": [2, 1], "3": [4, 8] },
    "_coverageSchema": "1a1c01bbd47fc00a2c39e90264f33305004495a9",
    "hash": "9401caf0a447ebf2d12d2b7c7c4d20f81a3c9ade"
  },
  "D:\\React\\ArtMuseum\\src\\utils\\hooks\\useDebounce.ts": {
    "path": "D:\\React\\ArtMuseum\\src\\utils\\hooks\\useDebounce.ts",
    "statementMap": {
      "0": {
        "start": { "line": 4, "column": 46 },
        "end": { "line": 4, "column": 61 }
      },
      "1": {
        "start": { "line": 6, "column": 2 },
        "end": { "line": 12, "column": 21 }
      },
      "2": {
        "start": { "line": 7, "column": 20 },
        "end": { "line": 9, "column": 13 }
      },
      "3": {
        "start": { "line": 8, "column": 6 },
        "end": { "line": 8, "column": 31 }
      },
      "4": {
        "start": { "line": 11, "column": 4 },
        "end": { "line": 11, "column": 39 }
      },
      "5": {
        "start": { "line": 11, "column": 17 },
        "end": { "line": 11, "column": 38 }
      },
      "6": {
        "start": { "line": 14, "column": 2 },
        "end": { "line": 14, "column": 24 }
      }
    },
    "fnMap": {
      "0": {
        "name": "useDebounce",
        "decl": {
          "start": { "line": 3, "column": 24 },
          "end": { "line": 3, "column": 35 }
        },
        "loc": {
          "start": { "line": 3, "column": 70 },
          "end": { "line": 15, "column": 1 }
        },
        "line": 3
      },
      "1": {
        "name": "(anonymous_1)",
        "decl": {
          "start": { "line": 6, "column": 12 },
          "end": { "line": 6, "column": 13 }
        },
        "loc": {
          "start": { "line": 6, "column": 18 },
          "end": { "line": 12, "column": 3 }
        },
        "line": 6
      },
      "2": {
        "name": "(anonymous_2)",
        "decl": {
          "start": { "line": 7, "column": 31 },
          "end": { "line": 7, "column": 32 }
        },
        "loc": {
          "start": { "line": 7, "column": 37 },
          "end": { "line": 9, "column": 5 }
        },
        "line": 7
      },
      "3": {
        "name": "(anonymous_3)",
        "decl": {
          "start": { "line": 11, "column": 11 },
          "end": { "line": 11, "column": 12 }
        },
        "loc": {
          "start": { "line": 11, "column": 17 },
          "end": { "line": 11, "column": 38 }
        },
        "line": 11
      }
    },
    "branchMap": {
      "0": {
        "loc": {
          "start": { "line": 3, "column": 49 },
          "end": { "line": 3, "column": 68 }
        },
        "type": "default-arg",
        "locations": [
          {
            "start": { "line": 3, "column": 65 },
            "end": { "line": 3, "column": 68 }
          }
        ],
        "line": 3
      }
    },
    "s": { "0": 0, "1": 0, "2": 0, "3": 0, "4": 0, "5": 0, "6": 0 },
    "f": { "0": 0, "1": 0, "2": 0, "3": 0 },
    "b": { "0": [0] }
  },
  "D:\\React\\ArtMuseum\\src\\utils\\hooks\\useFavorites.ts": {
    "path": "D:\\React\\ArtMuseum\\src\\utils\\hooks\\useFavorites.ts",
    "statementMap": {
      "0": {
        "start": { "line": 8, "column": 28 },
        "end": { "line": 30, "column": 1 }
      },
      "1": {
        "start": { "line": 9, "column": 36 },
        "end": { "line": 11, "column": 3 }
      },
      "2": {
        "start": { "line": 10, "column": 4 },
        "end": { "line": 10, "column": 48 }
      },
      "3": {
        "start": { "line": 13, "column": 2 },
        "end": { "line": 15, "column": 18 }
      },
      "4": {
        "start": { "line": 14, "column": 4 },
        "end": { "line": 14, "column": 58 }
      },
      "5": {
        "start": { "line": 17, "column": 25 },
        "end": { "line": 21, "column": 3 }
      },
      "6": {
        "start": { "line": 18, "column": 4 },
        "end": { "line": 20, "column": 5 }
      },
      "7": {
        "start": { "line": 19, "column": 6 },
        "end": { "line": 19, "column": 44 }
      },
      "8": {
        "start": { "line": 19, "column": 29 },
        "end": { "line": 19, "column": 42 }
      },
      "9": {
        "start": { "line": 23, "column": 30 },
        "end": { "line": 25, "column": 3 }
      },
      "10": {
        "start": { "line": 24, "column": 4 },
        "end": { "line": 24, "column": 65 }
      },
      "11": {
        "start": { "line": 24, "column": 27 },
        "end": { "line": 24, "column": 63 }
      },
      "12": {
        "start": { "line": 24, "column": 50 },
        "end": { "line": 24, "column": 62 }
      },
      "13": {
        "start": { "line": 27, "column": 21 },
        "end": { "line": 27, "column": 59 }
      },
      "14": {
        "start": { "line": 27, "column": 37 },
        "end": { "line": 27, "column": 59 }
      },
      "15": {
        "start": { "line": 29, "column": 2 },
        "end": { "line": 29, "column": 72 }
      }
    },
    "fnMap": {
      "0": {
        "name": "(anonymous_0)",
        "decl": {
          "start": { "line": 8, "column": 28 },
          "end": { "line": 8, "column": 29 }
        },
        "loc": {
          "start": { "line": 8, "column": 34 },
          "end": { "line": 30, "column": 1 }
        },
        "line": 8
      },
      "1": {
        "name": "(anonymous_1)",
        "decl": {
          "start": { "line": 9, "column": 55 },
          "end": { "line": 9, "column": 56 }
        },
        "loc": {
          "start": { "line": 10, "column": 4 },
          "end": { "line": 10, "column": 48 }
        },
        "line": 10
      },
      "2": {
        "name": "(anonymous_2)",
        "decl": {
          "start": { "line": 13, "column": 12 },
          "end": { "line": 13, "column": 13 }
        },
        "loc": {
          "start": { "line": 13, "column": 18 },
          "end": { "line": 15, "column": 3 }
        },
        "line": 13
      },
      "3": {
        "name": "(anonymous_3)",
        "decl": {
          "start": { "line": 17, "column": 25 },
          "end": { "line": 17, "column": 26 }
        },
        "loc": {
          "start": { "line": 17, "column": 41 },
          "end": { "line": 21, "column": 3 }
        },
        "line": 17
      },
      "4": {
        "name": "(anonymous_4)",
        "decl": {
          "start": { "line": 19, "column": 19 },
          "end": { "line": 19, "column": 20 }
        },
        "loc": {
          "start": { "line": 19, "column": 29 },
          "end": { "line": 19, "column": 42 }
        },
        "line": 19
      },
      "5": {
        "name": "(anonymous_5)",
        "decl": {
          "start": { "line": 23, "column": 30 },
          "end": { "line": 23, "column": 31 }
        },
        "loc": {
          "start": { "line": 23, "column": 46 },
          "end": { "line": 25, "column": 3 }
        },
        "line": 23
      },
      "6": {
        "name": "(anonymous_6)",
        "decl": {
          "start": { "line": 24, "column": 17 },
          "end": { "line": 24, "column": 18 }
        },
        "loc": {
          "start": { "line": 24, "column": 27 },
          "end": { "line": 24, "column": 63 }
        },
        "line": 24
      },
      "7": {
        "name": "(anonymous_7)",
        "decl": {
          "start": { "line": 24, "column": 39 },
          "end": { "line": 24, "column": 40 }
        },
        "loc": {
          "start": { "line": 24, "column": 50 },
          "end": { "line": 24, "column": 62 }
        },
        "line": 24
      },
      "8": {
        "name": "(anonymous_8)",
        "decl": {
          "start": { "line": 27, "column": 21 },
          "end": { "line": 27, "column": 22 }
        },
        "loc": {
          "start": { "line": 27, "column": 37 },
          "end": { "line": 27, "column": 59 }
        },
        "line": 27
      }
    },
    "branchMap": {
      "0": {
        "loc": {
          "start": { "line": 18, "column": 4 },
          "end": { "line": 20, "column": 5 }
        },
        "type": "if",
        "locations": [
          {
            "start": { "line": 18, "column": 4 },
            "end": { "line": 20, "column": 5 }
          },
          { "start": {}, "end": {} }
        ],
        "line": 18
      }
    },
    "s": {
      "0": 1,
      "1": 10,
      "2": 6,
      "3": 10,
      "4": 10,
      "5": 10,
      "6": 3,
      "7": 2,
      "8": 2,
      "9": 10,
      "10": 2,
      "11": 2,
      "12": 4,
      "13": 10,
      "14": 2,
      "15": 10
    },
    "f": {
      "0": 10,
      "1": 6,
      "2": 10,
      "3": 3,
      "4": 2,
      "5": 2,
      "6": 2,
      "7": 4,
      "8": 2
    },
    "b": { "0": [2, 1] },
    "_coverageSchema": "1a1c01bbd47fc00a2c39e90264f33305004495a9",
    "hash": "c786e47933994a77d84cfd99fb83af1f7dd65378"
  }
}
